[AutoCCR] Runner started. DB=./data/devflow.sqlite, poll=5000ms, level=critical(0.85)
(node:65373) [MODULE_TYPELESS_PACKAGE_JSON] Warning: Module type of file:///Users/fulvioventura/devflow/tools/auto-ccr-runner.js is not specified and it doesn't parse as CommonJS.
Reparsing as ES module because module syntax was detected. This incurs a performance overhead.
To eliminate this warning, add "type": "module" to /Users/fulvioventura/devflow/package.json.
(Use `node --trace-warnings ...` to show where the warning was created)
[AutoCCR] tick error Error: Error: in prepare, no such table: coordination_sessions

    at ChildProcess.<anonymous> (file:///Users/fulvioventura/devflow/tools/auto-ccr-runner.js:31:37)
    at ChildProcess.emit (node:events:518:28)
    at maybeClose (node:internal/child_process:1101:16)
    at Socket.<anonymous> (node:internal/child_process:456:11)
    at Socket.emit (node:events:518:28)
    at Pipe.<anonymous> (node:net:351:12)
[AutoCCR] tick error Error: Error: in prepare, no such table: coordination_sessions

    at ChildProcess.<anonymous> (file:///Users/fulvioventura/devflow/tools/auto-ccr-runner.js:31:37)
    at ChildProcess.emit (node:events:518:28)
    at maybeClose (node:internal/child_process:1101:16)
    at ChildProcess._handle.onexit (node:internal/child_process:304:5)
[AutoCCR] tick error Error: Error: in prepare, no such table: coordination_sessions

    at ChildProcess.<anonymous> (file:///Users/fulvioventura/devflow/tools/auto-ccr-runner.js:31:37)
    at ChildProcess.emit (node:events:518:28)
    at maybeClose (node:internal/child_process:1101:16)
    at Socket.<anonymous> (node:internal/child_process:456:11)
    at Socket.emit (node:events:518:28)
    at Pipe.<anonymous> (node:net:351:12)
[AutoCCR] tick error Error: Error: in prepare, no such table: coordination_sessions

    at ChildProcess.<anonymous> (file:///Users/fulvioventura/devflow/tools/auto-ccr-runner.js:31:37)
    at ChildProcess.emit (node:events:518:28)
    at maybeClose (node:internal/child_process:1101:16)
    at Socket.<anonymous> (node:internal/child_process:456:11)
    at Socket.emit (node:events:518:28)
    at Pipe.<anonymous> (node:net:351:12)
[AutoCCR] tick error Error: Error: in prepare, no such table: coordination_sessions

    at ChildProcess.<anonymous> (file:///Users/fulvioventura/devflow/tools/auto-ccr-runner.js:31:37)
    at ChildProcess.emit (node:events:518:28)
    at maybeClose (node:internal/child_process:1101:16)
    at ChildProcess._handle.onexit (node:internal/child_process:304:5)
[AutoCCR] tick error Error: Error: in prepare, no such table: coordination_sessions

    at ChildProcess.<anonymous> (file:///Users/fulvioventura/devflow/tools/auto-ccr-runner.js:31:37)
    at ChildProcess.emit (node:events:518:28)
    at maybeClose (node:internal/child_process:1101:16)
    at Socket.<anonymous> (node:internal/child_process:456:11)
    at Socket.emit (node:events:518:28)
    at Pipe.<anonymous> (node:net:351:12)
[AutoCCR] tick error Error: Error: in prepare, no such table: coordination_sessions

    at ChildProcess.<anonymous> (file:///Users/fulvioventura/devflow/tools/auto-ccr-runner.js:31:37)
    at ChildProcess.emit (node:events:518:28)
    at maybeClose (node:internal/child_process:1101:16)
    at Socket.<anonymous> (node:internal/child_process:456:11)
    at Socket.emit (node:events:518:28)
    at Pipe.<anonymous> (node:net:351:12)
[AutoCCR] tick error Error: Error: in prepare, no such table: coordination_sessions

    at ChildProcess.<anonymous> (file:///Users/fulvioventura/devflow/tools/auto-ccr-runner.js:31:37)
    at ChildProcess.emit (node:events:518:28)
    at maybeClose (node:internal/child_process:1101:16)
    at ChildProcess._handle.onexit (node:internal/child_process:304:5)
[AutoCCR] tick error Error: Error: in prepare, no such table: coordination_sessions

    at ChildProcess.<anonymous> (file:///Users/fulvioventura/devflow/tools/auto-ccr-runner.js:31:37)
    at ChildProcess.emit (node:events:518:28)
    at maybeClose (node:internal/child_process:1101:16)
    at Socket.<anonymous> (node:internal/child_process:456:11)
    at Socket.emit (node:events:518:28)
    at Pipe.<anonymous> (node:net:351:12)
[AutoCCR] tick error Error: Error: in prepare, no such table: coordination_sessions

    at ChildProcess.<anonymous> (file:///Users/fulvioventura/devflow/tools/auto-ccr-runner.js:31:37)
    at ChildProcess.emit (node:events:518:28)
    at maybeClose (node:internal/child_process:1101:16)
    at ChildProcess._handle.onexit (node:internal/child_process:304:5)
[AutoCCR] tick error Error: Error: in prepare, no such table: coordination_sessions

    at ChildProcess.<anonymous> (file:///Users/fulvioventura/devflow/tools/auto-ccr-runner.js:31:37)
    at ChildProcess.emit (node:events:518:28)
    at maybeClose (node:internal/child_process:1101:16)
    at ChildProcess._handle.onexit (node:internal/child_process:304:5)
[AutoCCR] tick error Error: Error: in prepare, no such table: coordination_sessions

    at ChildProcess.<anonymous> (file:///Users/fulvioventura/devflow/tools/auto-ccr-runner.js:31:37)
    at ChildProcess.emit (node:events:518:28)
    at maybeClose (node:internal/child_process:1101:16)
    at ChildProcess._handle.onexit (node:internal/child_process:304:5)
[AutoCCR] tick error Error: Error: in prepare, no such table: coordination_sessions

    at ChildProcess.<anonymous> (file:///Users/fulvioventura/devflow/tools/auto-ccr-runner.js:31:37)
    at ChildProcess.emit (node:events:518:28)
    at maybeClose (node:internal/child_process:1101:16)
    at ChildProcess._handle.onexit (node:internal/child_process:304:5)
[AutoCCR] tick error Error: Error: in prepare, no such table: coordination_sessions

    at ChildProcess.<anonymous> (file:///Users/fulvioventura/devflow/tools/auto-ccr-runner.js:31:37)
    at ChildProcess.emit (node:events:518:28)
    at maybeClose (node:internal/child_process:1101:16)
    at ChildProcess._handle.onexit (node:internal/child_process:304:5)
[AutoCCR] tick error Error: Error: in prepare, no such table: coordination_sessions

    at ChildProcess.<anonymous> (file:///Users/fulvioventura/devflow/tools/auto-ccr-runner.js:31:37)
    at ChildProcess.emit (node:events:518:28)
    at maybeClose (node:internal/child_process:1101:16)
    at ChildProcess._handle.onexit (node:internal/child_process:304:5)
[AutoCCR] tick error Error: Error: in prepare, no such table: coordination_sessions

    at ChildProcess.<anonymous> (file:///Users/fulvioventura/devflow/tools/auto-ccr-runner.js:31:37)
    at ChildProcess.emit (node:events:518:28)
    at maybeClose (node:internal/child_process:1101:16)
    at ChildProcess._handle.onexit (node:internal/child_process:304:5)
[AutoCCR] tick error Error: Error: in prepare, no such table: coordination_sessions

    at ChildProcess.<anonymous> (file:///Users/fulvioventura/devflow/tools/auto-ccr-runner.js:31:37)
    at ChildProcess.emit (node:events:518:28)
    at maybeClose (node:internal/child_process:1101:16)
    at ChildProcess._handle.onexit (node:internal/child_process:304:5)
[AutoCCR] tick error Error: Error: in prepare, no such table: coordination_sessions

    at ChildProcess.<anonymous> (file:///Users/fulvioventura/devflow/tools/auto-ccr-runner.js:31:37)
    at ChildProcess.emit (node:events:518:28)
    at maybeClose (node:internal/child_process:1101:16)
    at ChildProcess._handle.onexit (node:internal/child_process:304:5)
[AutoCCR] tick error Error: Error: in prepare, no such table: coordination_sessions

    at ChildProcess.<anonymous> (file:///Users/fulvioventura/devflow/tools/auto-ccr-runner.js:31:37)
    at ChildProcess.emit (node:events:518:28)
    at maybeClose (node:internal/child_process:1101:16)
    at ChildProcess._handle.onexit (node:internal/child_process:304:5)
[AutoCCR] tick error Error: Error: in prepare, no such table: coordination_sessions

    at ChildProcess.<anonymous> (file:///Users/fulvioventura/devflow/tools/auto-ccr-runner.js:31:37)
    at ChildProcess.emit (node:events:518:28)
    at maybeClose (node:internal/child_process:1101:16)
    at ChildProcess._handle.onexit (node:internal/child_process:304:5)
[AutoCCR] tick error Error: Error: in prepare, no such table: coordination_sessions

    at ChildProcess.<anonymous> (file:///Users/fulvioventura/devflow/tools/auto-ccr-runner.js:31:37)
    at ChildProcess.emit (node:events:518:28)
    at maybeClose (node:internal/child_process:1101:16)
    at ChildProcess._handle.onexit (node:internal/child_process:304:5)
[AutoCCR] tick error Error: Error: in prepare, no such table: coordination_sessions

    at ChildProcess.<anonymous> (file:///Users/fulvioventura/devflow/tools/auto-ccr-runner.js:31:37)
    at ChildProcess.emit (node:events:518:28)
    at maybeClose (node:internal/child_process:1101:16)
    at ChildProcess._handle.onexit (node:internal/child_process:304:5)
[AutoCCR] tick error Error: Error: in prepare, no such table: coordination_sessions

    at ChildProcess.<anonymous> (file:///Users/fulvioventura/devflow/tools/auto-ccr-runner.js:31:37)
    at ChildProcess.emit (node:events:518:28)
    at maybeClose (node:internal/child_process:1101:16)
    at ChildProcess._handle.onexit (node:internal/child_process:304:5)
[AutoCCR] tick error Error: Error: in prepare, no such table: coordination_sessions

    at ChildProcess.<anonymous> (file:///Users/fulvioventura/devflow/tools/auto-ccr-runner.js:31:37)
    at ChildProcess.emit (node:events:518:28)
    at maybeClose (node:internal/child_process:1101:16)
    at ChildProcess._handle.onexit (node:internal/child_process:304:5)
[AutoCCR] tick error Error: Error: in prepare, no such table: coordination_sessions

    at ChildProcess.<anonymous> (file:///Users/fulvioventura/devflow/tools/auto-ccr-runner.js:31:37)
    at ChildProcess.emit (node:events:518:28)
    at maybeClose (node:internal/child_process:1101:16)
    at ChildProcess._handle.onexit (node:internal/child_process:304:5)
[AutoCCR] tick error Error: Error: in prepare, no such table: coordination_sessions

    at ChildProcess.<anonymous> (file:///Users/fulvioventura/devflow/tools/auto-ccr-runner.js:31:37)
    at ChildProcess.emit (node:events:518:28)
    at maybeClose (node:internal/child_process:1101:16)
    at ChildProcess._handle.onexit (node:internal/child_process:304:5)
[AutoCCR] tick error Error: Error: in prepare, no such table: coordination_sessions

    at ChildProcess.<anonymous> (file:///Users/fulvioventura/devflow/tools/auto-ccr-runner.js:31:37)
    at ChildProcess.emit (node:events:518:28)
    at maybeClose (node:internal/child_process:1101:16)
    at ChildProcess._handle.onexit (node:internal/child_process:304:5)
[AutoCCR] tick error Error: Error: in prepare, no such table: coordination_sessions

    at ChildProcess.<anonymous> (file:///Users/fulvioventura/devflow/tools/auto-ccr-runner.js:31:37)
    at ChildProcess.emit (node:events:518:28)
    at maybeClose (node:internal/child_process:1101:16)
    at Socket.<anonymous> (node:internal/child_process:456:11)
    at Socket.emit (node:events:518:28)
    at Pipe.<anonymous> (node:net:351:12)
[AutoCCR] tick error Error: Error: in prepare, no such table: coordination_sessions

    at ChildProcess.<anonymous> (file:///Users/fulvioventura/devflow/tools/auto-ccr-runner.js:31:37)
    at ChildProcess.emit (node:events:518:28)
    at maybeClose (node:internal/child_process:1101:16)
    at ChildProcess._handle.onexit (node:internal/child_process:304:5)
[AutoCCR] tick error Error: Error: in prepare, no such table: coordination_sessions

    at ChildProcess.<anonymous> (file:///Users/fulvioventura/devflow/tools/auto-ccr-runner.js:31:37)
    at ChildProcess.emit (node:events:518:28)
    at maybeClose (node:internal/child_process:1101:16)
    at Socket.<anonymous> (node:internal/child_process:456:11)
    at Socket.emit (node:events:518:28)
    at Pipe.<anonymous> (node:net:351:12)
[AutoCCR] tick error Error: Error: in prepare, no such table: coordination_sessions

    at ChildProcess.<anonymous> (file:///Users/fulvioventura/devflow/tools/auto-ccr-runner.js:31:37)
    at ChildProcess.emit (node:events:518:28)
    at maybeClose (node:internal/child_process:1101:16)
    at ChildProcess._handle.onexit (node:internal/child_process:304:5)
[AutoCCR] tick error Error: Error: in prepare, no such table: coordination_sessions

    at ChildProcess.<anonymous> (file:///Users/fulvioventura/devflow/tools/auto-ccr-runner.js:31:37)
    at ChildProcess.emit (node:events:518:28)
    at maybeClose (node:internal/child_process:1101:16)
    at ChildProcess._handle.onexit (node:internal/child_process:304:5)
[AutoCCR] tick error Error: Error: in prepare, no such table: coordination_sessions

    at ChildProcess.<anonymous> (file:///Users/fulvioventura/devflow/tools/auto-ccr-runner.js:31:37)
    at ChildProcess.emit (node:events:518:28)
    at maybeClose (node:internal/child_process:1101:16)
    at ChildProcess._handle.onexit (node:internal/child_process:304:5)
[AutoCCR] tick error Error: Error: in prepare, no such table: coordination_sessions

    at ChildProcess.<anonymous> (file:///Users/fulvioventura/devflow/tools/auto-ccr-runner.js:31:37)
    at ChildProcess.emit (node:events:518:28)
    at maybeClose (node:internal/child_process:1101:16)
    at ChildProcess._handle.onexit (node:internal/child_process:304:5)
[AutoCCR] tick error Error: Error: in prepare, no such table: coordination_sessions

    at ChildProcess.<anonymous> (file:///Users/fulvioventura/devflow/tools/auto-ccr-runner.js:31:37)
    at ChildProcess.emit (node:events:518:28)
    at maybeClose (node:internal/child_process:1101:16)
    at Socket.<anonymous> (node:internal/child_process:456:11)
    at Socket.emit (node:events:518:28)
    at Pipe.<anonymous> (node:net:351:12)
[AutoCCR] tick error Error: Error: in prepare, no such table: coordination_sessions

    at ChildProcess.<anonymous> (file:///Users/fulvioventura/devflow/tools/auto-ccr-runner.js:31:37)
    at ChildProcess.emit (node:events:518:28)
    at maybeClose (node:internal/child_process:1101:16)
    at ChildProcess._handle.onexit (node:internal/child_process:304:5)
