[32minfo[39m: Initializing database... {"service":"database-manager","timestamp":"2025-09-21T21:56:45.807Z"}
[32minfo[39m: Database initialized successfully {"service":"database-manager","timestamp":"2025-09-21T21:56:45.814Z"}
[32minfo[39m: Database Manager Daemon listening on port 3002 {"service":"database-manager","timestamp":"2025-09-21T21:56:45.815Z"}
[32minfo[39m: Database Manager Daemon started successfully {"service":"database-manager","timestamp":"2025-09-21T21:56:45.815Z"}
[32minfo[39m: Heartbeat: Database Manager Daemon is alive {"memory":{"arrayBuffers":4871967,"external":7709461,"heapTotal":125485056,"heapUsed":119328568,"rss":46104576},"service":"database-manager","timestamp":"2025-09-21T21:57:15.825Z"}
[32minfo[39m: Heartbeat: Database Manager Daemon is alive {"memory":{"arrayBuffers":4871967,"external":7709501,"heapTotal":125485056,"heapUsed":119386944,"rss":42500096},"service":"database-manager","timestamp":"2025-09-21T21:57:45.826Z"}
[32minfo[39m: Heartbeat: Database Manager Daemon is alive {"memory":{"arrayBuffers":4871967,"external":7709501,"heapTotal":125485056,"heapUsed":119413464,"rss":42516480},"service":"database-manager","timestamp":"2025-09-21T21:58:15.829Z"}
[32minfo[39m: Heartbeat: Database Manager Daemon is alive {"memory":{"arrayBuffers":4871967,"external":7709501,"heapTotal":125485056,"heapUsed":119436680,"rss":42582016},"service":"database-manager","timestamp":"2025-09-21T21:58:45.834Z"}
[32minfo[39m: Heartbeat: Database Manager Daemon is alive {"memory":{"arrayBuffers":4871967,"external":7709501,"heapTotal":125485056,"heapUsed":119470824,"rss":43270144},"service":"database-manager","timestamp":"2025-09-21T21:59:15.836Z"}
[32minfo[39m: Heartbeat: Database Manager Daemon is alive {"memory":{"arrayBuffers":4871967,"external":7709501,"heapTotal":125485056,"heapUsed":119535792,"rss":42483712},"service":"database-manager","timestamp":"2025-09-21T21:59:45.835Z"}
[32minfo[39m: Heartbeat: Database Manager Daemon is alive {"memory":{"arrayBuffers":4871967,"external":7709501,"heapTotal":125485056,"heapUsed":119549808,"rss":42221568},"service":"database-manager","timestamp":"2025-09-21T22:00:15.837Z"}
[32minfo[39m: Heartbeat: Database Manager Daemon is alive {"memory":{"arrayBuffers":4871967,"external":7709501,"heapTotal":125485056,"heapUsed":119573232,"rss":42418176},"service":"database-manager","timestamp":"2025-09-21T22:00:45.839Z"}
[32minfo[39m: Heartbeat: Database Manager Daemon is alive {"memory":{"arrayBuffers":4871967,"external":7709501,"heapTotal":125485056,"heapUsed":119585728,"rss":42254336},"service":"database-manager","timestamp":"2025-09-21T22:01:15.840Z"}
[32minfo[39m: Heartbeat: Database Manager Daemon is alive {"memory":{"arrayBuffers":4871967,"external":7709501,"heapTotal":125485056,"heapUsed":119598312,"rss":41631744},"service":"database-manager","timestamp":"2025-09-21T22:01:45.842Z"}
[32minfo[39m: Heartbeat: Database Manager Daemon is alive {"memory":{"arrayBuffers":4871967,"external":7709501,"heapTotal":125485056,"heapUsed":119621608,"rss":41320448},"service":"database-manager","timestamp":"2025-09-21T22:02:15.843Z"}
[32minfo[39m: Heartbeat: Database Manager Daemon is alive {"memory":{"arrayBuffers":4871967,"external":7709501,"heapTotal":125485056,"heapUsed":119633600,"rss":40976384},"service":"database-manager","timestamp":"2025-09-21T22:02:45.844Z"}
[32minfo[39m: Heartbeat: Database Manager Daemon is alive {"memory":{"arrayBuffers":4871967,"external":7709501,"heapTotal":125485056,"heapUsed":119645168,"rss":40992768},"service":"database-manager","timestamp":"2025-09-21T22:03:15.847Z"}
[32minfo[39m: Heartbeat: Database Manager Daemon is alive {"memory":{"arrayBuffers":4871967,"external":7709501,"heapTotal":125485056,"heapUsed":119656896,"rss":40943616},"service":"database-manager","timestamp":"2025-09-21T22:03:45.849Z"}
[32minfo[39m: Heartbeat: Database Manager Daemon is alive {"memory":{"arrayBuffers":4871967,"external":7709501,"heapTotal":125485056,"heapUsed":119668472,"rss":40943616},"service":"database-manager","timestamp":"2025-09-21T22:04:15.878Z"}
[32minfo[39m: Heartbeat: Database Manager Daemon is alive {"memory":{"arrayBuffers":4871967,"external":7709501,"heapTotal":125485056,"heapUsed":119686264,"rss":41123840},"service":"database-manager","timestamp":"2025-09-21T22:04:45.885Z"}
[32minfo[39m: Heartbeat: Database Manager Daemon is alive {"memory":{"arrayBuffers":4871967,"external":7709501,"heapTotal":125485056,"heapUsed":119697736,"rss":40894464},"service":"database-manager","timestamp":"2025-09-21T22:05:15.888Z"}
[32minfo[39m: Heartbeat: Database Manager Daemon is alive {"memory":{"arrayBuffers":4880159,"external":7717693,"heapTotal":125485056,"heapUsed":119709384,"rss":40894464},"service":"database-manager","timestamp":"2025-09-21T22:05:45.889Z"}
[32minfo[39m: Heartbeat: Database Manager Daemon is alive {"memory":{"arrayBuffers":4880159,"external":7717693,"heapTotal":125485056,"heapUsed":119720856,"rss":40763392},"service":"database-manager","timestamp":"2025-09-21T22:06:15.891Z"}
[32minfo[39m: Heartbeat: Database Manager Daemon is alive {"memory":{"arrayBuffers":4880159,"external":7717693,"heapTotal":125485056,"heapUsed":119732280,"rss":40779776},"service":"database-manager","timestamp":"2025-09-21T22:06:45.893Z"}
[32minfo[39m: Heartbeat: Database Manager Daemon is alive {"memory":{"arrayBuffers":4880159,"external":7717693,"heapTotal":125485056,"heapUsed":119743704,"rss":40779776},"service":"database-manager","timestamp":"2025-09-21T22:07:15.894Z"}
[32minfo[39m: Heartbeat: Database Manager Daemon is alive {"memory":{"arrayBuffers":4880159,"external":7717693,"heapTotal":125485056,"heapUsed":119755128,"rss":40779776},"service":"database-manager","timestamp":"2025-09-21T22:07:45.900Z"}
[32minfo[39m: Heartbeat: Database Manager Daemon is alive {"memory":{"arrayBuffers":4880159,"external":7717693,"heapTotal":125485056,"heapUsed":119766552,"rss":40779776},"service":"database-manager","timestamp":"2025-09-21T22:08:15.902Z"}
[32minfo[39m: Heartbeat: Database Manager Daemon is alive {"memory":{"arrayBuffers":4880159,"external":7717693,"heapTotal":125485056,"heapUsed":119777976,"rss":40763392},"service":"database-manager","timestamp":"2025-09-21T22:08:45.903Z"}
[32minfo[39m: Heartbeat: Database Manager Daemon is alive {"memory":{"arrayBuffers":4880159,"external":7717693,"heapTotal":125485056,"heapUsed":119789400,"rss":40763392},"service":"database-manager","timestamp":"2025-09-21T22:09:15.905Z"}
[32minfo[39m: Heartbeat: Database Manager Daemon is alive {"memory":{"arrayBuffers":4880159,"external":7717693,"heapTotal":125485056,"heapUsed":119800824,"rss":40763392},"service":"database-manager","timestamp":"2025-09-21T22:09:45.907Z"}
[32minfo[39m: Heartbeat: Database Manager Daemon is alive {"memory":{"arrayBuffers":4880159,"external":7717693,"heapTotal":125485056,"heapUsed":119812264,"rss":40763392},"service":"database-manager","timestamp":"2025-09-21T22:10:15.908Z"}
[32minfo[39m: Heartbeat: Database Manager Daemon is alive {"memory":{"arrayBuffers":4880159,"external":7717693,"heapTotal":125485056,"heapUsed":119823688,"rss":40779776},"service":"database-manager","timestamp":"2025-09-21T22:10:45.911Z"}
[32minfo[39m: Heartbeat: Database Manager Daemon is alive {"memory":{"arrayBuffers":4880159,"external":7717693,"heapTotal":125485056,"heapUsed":119835112,"rss":40763392},"service":"database-manager","timestamp":"2025-09-21T22:11:15.912Z"}
[32minfo[39m: Heartbeat: Database Manager Daemon is alive {"memory":{"arrayBuffers":4880159,"external":7717693,"heapTotal":125485056,"heapUsed":119846536,"rss":40763392},"service":"database-manager","timestamp":"2025-09-21T22:11:45.913Z"}
[32minfo[39m: Heartbeat: Database Manager Daemon is alive {"memory":{"arrayBuffers":4880159,"external":7717693,"heapTotal":125485056,"heapUsed":119857960,"rss":40779776},"service":"database-manager","timestamp":"2025-09-21T22:12:15.917Z"}
[32minfo[39m: Heartbeat: Database Manager Daemon is alive {"memory":{"arrayBuffers":4880159,"external":7717693,"heapTotal":125485056,"heapUsed":119869384,"rss":40763392},"service":"database-manager","timestamp":"2025-09-21T22:12:45.918Z"}
[32minfo[39m: Heartbeat: Database Manager Daemon is alive {"memory":{"arrayBuffers":4880159,"external":7717693,"heapTotal":125485056,"heapUsed":119880808,"rss":40779776},"service":"database-manager","timestamp":"2025-09-21T22:13:15.920Z"}
[32minfo[39m: Heartbeat: Database Manager Daemon is alive {"memory":{"arrayBuffers":4880159,"external":7717693,"heapTotal":125485056,"heapUsed":119892232,"rss":40763392},"service":"database-manager","timestamp":"2025-09-21T22:13:45.926Z"}
[32minfo[39m: Heartbeat: Database Manager Daemon is alive {"memory":{"arrayBuffers":4880159,"external":7717693,"heapTotal":125485056,"heapUsed":119903656,"rss":40730624},"service":"database-manager","timestamp":"2025-09-21T22:14:15.927Z"}
[32minfo[39m: Heartbeat: Database Manager Daemon is alive {"memory":{"arrayBuffers":4880159,"external":7717693,"heapTotal":125485056,"heapUsed":119915080,"rss":40730624},"service":"database-manager","timestamp":"2025-09-21T22:14:45.929Z"}
[32minfo[39m: Heartbeat: Database Manager Daemon is alive {"memory":{"arrayBuffers":4880159,"external":7717693,"heapTotal":125485056,"heapUsed":119926792,"rss":40828928},"service":"database-manager","timestamp":"2025-09-21T22:15:15.933Z"}
[32minfo[39m: Heartbeat: Database Manager Daemon is alive {"memory":{"arrayBuffers":4880159,"external":7717693,"heapTotal":125485056,"heapUsed":119938216,"rss":40747008},"service":"database-manager","timestamp":"2025-09-21T22:15:45.934Z"}
[32minfo[39m: Heartbeat: Database Manager Daemon is alive {"memory":{"arrayBuffers":4880159,"external":7717693,"heapTotal":125485056,"heapUsed":119949640,"rss":40747008},"service":"database-manager","timestamp":"2025-09-21T22:16:15.937Z"}
[32minfo[39m: Heartbeat: Database Manager Daemon is alive {"memory":{"arrayBuffers":4880159,"external":7717693,"heapTotal":125485056,"heapUsed":119961064,"rss":40730624},"service":"database-manager","timestamp":"2025-09-21T22:16:45.938Z"}
[32minfo[39m: Heartbeat: Database Manager Daemon is alive {"memory":{"arrayBuffers":4880159,"external":7717693,"heapTotal":125485056,"heapUsed":119972488,"rss":40747008},"service":"database-manager","timestamp":"2025-09-21T22:17:15.941Z"}
[32minfo[39m: Heartbeat: Database Manager Daemon is alive {"memory":{"arrayBuffers":4880159,"external":7717693,"heapTotal":125485056,"heapUsed":119983912,"rss":40747008},"service":"database-manager","timestamp":"2025-09-21T22:17:45.943Z"}
[32minfo[39m: Heartbeat: Database Manager Daemon is alive {"memory":{"arrayBuffers":4880159,"external":7717693,"heapTotal":125485056,"heapUsed":119995336,"rss":40747008},"service":"database-manager","timestamp":"2025-09-21T22:18:15.945Z"}
[32minfo[39m: Heartbeat: Database Manager Daemon is alive {"memory":{"arrayBuffers":4880159,"external":7717693,"heapTotal":125485056,"heapUsed":120006760,"rss":40747008},"service":"database-manager","timestamp":"2025-09-21T22:18:45.947Z"}
[32minfo[39m: Heartbeat: Database Manager Daemon is alive {"memory":{"arrayBuffers":4880159,"external":7717693,"heapTotal":125485056,"heapUsed":120018184,"rss":40730624},"service":"database-manager","timestamp":"2025-09-21T22:19:15.948Z"}
[32minfo[39m: Heartbeat: Database Manager Daemon is alive {"memory":{"arrayBuffers":4880159,"external":7717693,"heapTotal":125485056,"heapUsed":120029608,"rss":40747008},"service":"database-manager","timestamp":"2025-09-21T22:19:45.951Z"}
[32minfo[39m: Heartbeat: Database Manager Daemon is alive {"memory":{"arrayBuffers":4880159,"external":7717693,"heapTotal":125485056,"heapUsed":120041032,"rss":40747008},"service":"database-manager","timestamp":"2025-09-21T22:20:15.953Z"}
[32minfo[39m: Heartbeat: Database Manager Daemon is alive {"memory":{"arrayBuffers":4888351,"external":7725885,"heapTotal":125485056,"heapUsed":120052680,"rss":40730624},"service":"database-manager","timestamp":"2025-09-21T22:20:45.955Z"}
[32minfo[39m: Heartbeat: Database Manager Daemon is alive {"memory":{"arrayBuffers":4888351,"external":7725885,"heapTotal":125485056,"heapUsed":120064152,"rss":40730624},"service":"database-manager","timestamp":"2025-09-21T22:21:15.957Z"}
[32minfo[39m: Heartbeat: Database Manager Daemon is alive {"memory":{"arrayBuffers":4888351,"external":7725885,"heapTotal":125485056,"heapUsed":120075624,"rss":40730624},"service":"database-manager","timestamp":"2025-09-21T22:21:45.959Z"}
[32minfo[39m: Heartbeat: Database Manager Daemon is alive {"memory":{"arrayBuffers":4888351,"external":7725885,"heapTotal":125485056,"heapUsed":120087048,"rss":40566784},"service":"database-manager","timestamp":"2025-09-21T22:22:15.960Z"}
[32minfo[39m: Heartbeat: Database Manager Daemon is alive {"memory":{"arrayBuffers":4888351,"external":7725885,"heapTotal":125485056,"heapUsed":120098472,"rss":40566784},"service":"database-manager","timestamp":"2025-09-21T22:22:45.961Z"}
[32minfo[39m: Heartbeat: Database Manager Daemon is alive {"memory":{"arrayBuffers":4888351,"external":7725885,"heapTotal":125485056,"heapUsed":120110160,"rss":40681472},"service":"database-manager","timestamp":"2025-09-21T22:23:15.964Z"}
[32minfo[39m: Heartbeat: Database Manager Daemon is alive {"memory":{"arrayBuffers":4888351,"external":7725885,"heapTotal":125485056,"heapUsed":120121584,"rss":40566784},"service":"database-manager","timestamp":"2025-09-21T22:23:45.965Z"}
[32minfo[39m: Heartbeat: Database Manager Daemon is alive {"memory":{"arrayBuffers":4880159,"external":7725885,"heapTotal":126533632,"heapUsed":119330800,"rss":40534016},"service":"database-manager","timestamp":"2025-09-21T22:24:15.968Z"}
[32minfo[39m: Heartbeat: Database Manager Daemon is alive {"memory":{"arrayBuffers":4880159,"external":7725885,"heapTotal":126533632,"heapUsed":119342224,"rss":40534016},"service":"database-manager","timestamp":"2025-09-21T22:24:45.970Z"}
[32minfo[39m: Heartbeat: Database Manager Daemon is alive {"memory":{"arrayBuffers":4880159,"external":7725885,"heapTotal":126533632,"heapUsed":119353648,"rss":40566784},"service":"database-manager","timestamp":"2025-09-21T22:25:15.980Z"}
[32minfo[39m: Heartbeat: Database Manager Daemon is alive {"memory":{"arrayBuffers":4880159,"external":7725885,"heapTotal":126533632,"heapUsed":119365072,"rss":40550400},"service":"database-manager","timestamp":"2025-09-21T22:25:45.983Z"}
[32minfo[39m: Heartbeat: Database Manager Daemon is alive {"memory":{"arrayBuffers":4880159,"external":7725885,"heapTotal":126533632,"heapUsed":119376736,"rss":40534016},"service":"database-manager","timestamp":"2025-09-21T22:26:15.985Z"}
[32minfo[39m: Heartbeat: Database Manager Daemon is alive {"memory":{"arrayBuffers":4880159,"external":7725885,"heapTotal":126533632,"heapUsed":119388400,"rss":40550400},"service":"database-manager","timestamp":"2025-09-21T22:26:45.986Z"}
[32minfo[39m: Heartbeat: Database Manager Daemon is alive {"memory":{"arrayBuffers":4880159,"external":7725885,"heapTotal":126533632,"heapUsed":119399824,"rss":40534016},"service":"database-manager","timestamp":"2025-09-21T22:27:15.987Z"}
[32minfo[39m: Heartbeat: Database Manager Daemon is alive {"memory":{"arrayBuffers":4880159,"external":7725885,"heapTotal":126533632,"heapUsed":119411248,"rss":40550400},"service":"database-manager","timestamp":"2025-09-21T22:27:45.988Z"}
[32minfo[39m: Heartbeat: Database Manager Daemon is alive {"memory":{"arrayBuffers":4880159,"external":7725885,"heapTotal":126533632,"heapUsed":119422672,"rss":40534016},"service":"database-manager","timestamp":"2025-09-21T22:28:15.990Z"}
[32minfo[39m: Heartbeat: Database Manager Daemon is alive {"memory":{"arrayBuffers":4880159,"external":7725885,"heapTotal":126533632,"heapUsed":119434096,"rss":40550400},"service":"database-manager","timestamp":"2025-09-21T22:28:45.990Z"}
[32minfo[39m: Heartbeat: Database Manager Daemon is alive {"memory":{"arrayBuffers":4880159,"external":7725885,"heapTotal":126533632,"heapUsed":119445520,"rss":40550400},"service":"database-manager","timestamp":"2025-09-21T22:29:15.993Z"}
[32minfo[39m: Heartbeat: Database Manager Daemon is alive {"memory":{"arrayBuffers":4880159,"external":7725885,"heapTotal":126533632,"heapUsed":119456944,"rss":40550400},"service":"database-manager","timestamp":"2025-09-21T22:29:45.996Z"}
[32minfo[39m: Heartbeat: Database Manager Daemon is alive {"memory":{"arrayBuffers":4880159,"external":7725885,"heapTotal":126533632,"heapUsed":119468368,"rss":40566784},"service":"database-manager","timestamp":"2025-09-21T22:30:15.999Z"}
[32minfo[39m: Heartbeat: Database Manager Daemon is alive {"memory":{"arrayBuffers":4880159,"external":7725885,"heapTotal":126533632,"heapUsed":119479792,"rss":40550400},"service":"database-manager","timestamp":"2025-09-21T22:30:46.002Z"}
[32minfo[39m: Heartbeat: Database Manager Daemon is alive {"memory":{"arrayBuffers":4880159,"external":7725885,"heapTotal":126533632,"heapUsed":119491216,"rss":40534016},"service":"database-manager","timestamp":"2025-09-21T22:31:16.004Z"}
[32minfo[39m: Heartbeat: Database Manager Daemon is alive {"memory":{"arrayBuffers":4880159,"external":7725885,"heapTotal":126533632,"heapUsed":119502640,"rss":40534016},"service":"database-manager","timestamp":"2025-09-21T22:31:46.006Z"}
[32minfo[39m: Heartbeat: Database Manager Daemon is alive {"memory":{"arrayBuffers":4880159,"external":7725885,"heapTotal":126533632,"heapUsed":119514064,"rss":40517632},"service":"database-manager","timestamp":"2025-09-21T22:32:16.007Z"}
[32minfo[39m: Heartbeat: Database Manager Daemon is alive {"memory":{"arrayBuffers":4880159,"external":7725885,"heapTotal":126533632,"heapUsed":119525488,"rss":40534016},"service":"database-manager","timestamp":"2025-09-21T22:32:46.011Z"}
[32minfo[39m: Heartbeat: Database Manager Daemon is alive {"memory":{"arrayBuffers":4880159,"external":7725885,"heapTotal":126533632,"heapUsed":119536912,"rss":40534016},"service":"database-manager","timestamp":"2025-09-21T22:33:16.013Z"}
[32minfo[39m: Heartbeat: Database Manager Daemon is alive {"memory":{"arrayBuffers":4880159,"external":7725885,"heapTotal":126533632,"heapUsed":119548336,"rss":40534016},"service":"database-manager","timestamp":"2025-09-21T22:33:46.015Z"}
[32minfo[39m: Heartbeat: Database Manager Daemon is alive {"memory":{"arrayBuffers":4880159,"external":7725885,"heapTotal":126533632,"heapUsed":119559864,"rss":40517632},"service":"database-manager","timestamp":"2025-09-21T22:34:16.018Z"}
[32minfo[39m: Heartbeat: Database Manager Daemon is alive {"memory":{"arrayBuffers":4880159,"external":7725885,"heapTotal":126533632,"heapUsed":119571288,"rss":40517632},"service":"database-manager","timestamp":"2025-09-21T22:34:46.019Z"}
[32minfo[39m: Heartbeat: Database Manager Daemon is alive {"memory":{"arrayBuffers":4880159,"external":7725885,"heapTotal":126533632,"heapUsed":119582712,"rss":40534016},"service":"database-manager","timestamp":"2025-09-21T22:35:16.022Z"}
[32minfo[39m: Heartbeat: Database Manager Daemon is alive {"memory":{"arrayBuffers":4888351,"external":7725885,"heapTotal":126533632,"heapUsed":119594360,"rss":40534016},"service":"database-manager","timestamp":"2025-09-21T22:35:46.027Z"}
[32minfo[39m: Heartbeat: Database Manager Daemon is alive {"memory":{"arrayBuffers":4888351,"external":7725885,"heapTotal":126533632,"heapUsed":119605784,"rss":40534016},"service":"database-manager","timestamp":"2025-09-21T22:36:16.028Z"}
[32minfo[39m: Heartbeat: Database Manager Daemon is alive {"memory":{"arrayBuffers":4888351,"external":7725885,"heapTotal":126533632,"heapUsed":119617208,"rss":40534016},"service":"database-manager","timestamp":"2025-09-21T22:36:46.030Z"}
[32minfo[39m: Heartbeat: Database Manager Daemon is alive {"memory":{"arrayBuffers":4888351,"external":7725885,"heapTotal":126533632,"heapUsed":119628632,"rss":40534016},"service":"database-manager","timestamp":"2025-09-21T22:37:16.034Z"}
[32minfo[39m: Heartbeat: Database Manager Daemon is alive {"memory":{"arrayBuffers":4888351,"external":7725885,"heapTotal":126533632,"heapUsed":119640056,"rss":40108032},"service":"database-manager","timestamp":"2025-09-21T22:37:46.090Z"}
[32minfo[39m: Heartbeat: Database Manager Daemon is alive {"memory":{"arrayBuffers":4888351,"external":7725885,"heapTotal":126533632,"heapUsed":119651480,"rss":40124416},"service":"database-manager","timestamp":"2025-09-21T22:38:16.092Z"}
[32minfo[39m: Heartbeat: Database Manager Daemon is alive {"memory":{"arrayBuffers":4888351,"external":7725885,"heapTotal":126533632,"heapUsed":119662904,"rss":40108032},"service":"database-manager","timestamp":"2025-09-21T22:38:46.094Z"}
[32minfo[39m: Heartbeat: Database Manager Daemon is alive {"memory":{"arrayBuffers":4888351,"external":7725885,"heapTotal":126533632,"heapUsed":119674328,"rss":40108032},"service":"database-manager","timestamp":"2025-09-21T22:39:16.096Z"}
[32minfo[39m: Heartbeat: Database Manager Daemon is alive {"memory":{"arrayBuffers":4888351,"external":7725885,"heapTotal":126533632,"heapUsed":119685752,"rss":40124416},"service":"database-manager","timestamp":"2025-09-21T22:39:46.099Z"}
[32minfo[39m: Heartbeat: Database Manager Daemon is alive {"memory":{"arrayBuffers":4888351,"external":7725885,"heapTotal":126533632,"heapUsed":119697176,"rss":40124416},"service":"database-manager","timestamp":"2025-09-21T22:40:16.102Z"}
[32minfo[39m: Heartbeat: Database Manager Daemon is alive {"memory":{"arrayBuffers":4888351,"external":7725885,"heapTotal":126533632,"heapUsed":119708600,"rss":40124416},"service":"database-manager","timestamp":"2025-09-21T22:40:46.105Z"}
[32minfo[39m: Heartbeat: Database Manager Daemon is alive {"memory":{"arrayBuffers":4888351,"external":7725885,"heapTotal":126533632,"heapUsed":119720024,"rss":40108032},"service":"database-manager","timestamp":"2025-09-21T22:41:16.106Z"}
[32minfo[39m: Heartbeat: Database Manager Daemon is alive {"memory":{"arrayBuffers":4888351,"external":7725885,"heapTotal":126533632,"heapUsed":119731448,"rss":40108032},"service":"database-manager","timestamp":"2025-09-21T22:41:46.108Z"}
[32minfo[39m: Heartbeat: Database Manager Daemon is alive {"memory":{"arrayBuffers":4888351,"external":7725885,"heapTotal":126533632,"heapUsed":119742872,"rss":40124416},"service":"database-manager","timestamp":"2025-09-21T22:42:16.115Z"}
[32minfo[39m: Heartbeat: Database Manager Daemon is alive {"memory":{"arrayBuffers":4888351,"external":7725885,"heapTotal":126533632,"heapUsed":119754536,"rss":40124416},"service":"database-manager","timestamp":"2025-09-21T22:42:46.117Z"}
[32minfo[39m: Heartbeat: Database Manager Daemon is alive {"memory":{"arrayBuffers":4888351,"external":7725885,"heapTotal":126533632,"heapUsed":119766200,"rss":40108032},"service":"database-manager","timestamp":"2025-09-21T22:43:16.119Z"}
[32minfo[39m: Heartbeat: Database Manager Daemon is alive {"memory":{"arrayBuffers":4888351,"external":7725885,"heapTotal":126533632,"heapUsed":119777624,"rss":40124416},"service":"database-manager","timestamp":"2025-09-21T22:43:46.121Z"}
[32minfo[39m: Heartbeat: Database Manager Daemon is alive {"memory":{"arrayBuffers":4888351,"external":7725885,"heapTotal":126533632,"heapUsed":119789288,"rss":40108032},"service":"database-manager","timestamp":"2025-09-21T22:44:16.123Z"}
[32minfo[39m: Heartbeat: Database Manager Daemon is alive {"memory":{"arrayBuffers":4888351,"external":7725885,"heapTotal":126533632,"heapUsed":119800952,"rss":40108032},"service":"database-manager","timestamp":"2025-09-21T22:44:46.124Z"}
[32minfo[39m: Heartbeat: Database Manager Daemon is alive {"memory":{"arrayBuffers":4888351,"external":7725885,"heapTotal":126533632,"heapUsed":119812376,"rss":40108032},"service":"database-manager","timestamp":"2025-09-21T22:45:16.125Z"}
[32minfo[39m: Heartbeat: Database Manager Daemon is alive {"memory":{"arrayBuffers":4888351,"external":7725885,"heapTotal":126533632,"heapUsed":119823800,"rss":40124416},"service":"database-manager","timestamp":"2025-09-21T22:45:46.128Z"}
[32minfo[39m: Heartbeat: Database Manager Daemon is alive {"memory":{"arrayBuffers":4888351,"external":7725885,"heapTotal":126533632,"heapUsed":119835224,"rss":40124416},"service":"database-manager","timestamp":"2025-09-21T22:46:16.130Z"}
[32minfo[39m: Heartbeat: Database Manager Daemon is alive {"memory":{"arrayBuffers":4888351,"external":7725885,"heapTotal":126533632,"heapUsed":119846648,"rss":40124416},"service":"database-manager","timestamp":"2025-09-21T22:46:46.133Z"}
[32minfo[39m: Heartbeat: Database Manager Daemon is alive {"memory":{"arrayBuffers":4888351,"external":7725885,"heapTotal":126533632,"heapUsed":119858072,"rss":40124416},"service":"database-manager","timestamp":"2025-09-21T22:47:16.136Z"}
[32minfo[39m: Heartbeat: Database Manager Daemon is alive {"memory":{"arrayBuffers":4888351,"external":7725885,"heapTotal":126533632,"heapUsed":119869496,"rss":40124416},"service":"database-manager","timestamp":"2025-09-21T22:47:46.138Z"}
[32minfo[39m: Heartbeat: Database Manager Daemon is alive {"memory":{"arrayBuffers":4888351,"external":7725885,"heapTotal":126533632,"heapUsed":119880920,"rss":40124416},"service":"database-manager","timestamp":"2025-09-21T22:48:16.140Z"}
[32minfo[39m: Heartbeat: Database Manager Daemon is alive {"memory":{"arrayBuffers":4888351,"external":7725885,"heapTotal":126533632,"heapUsed":119892344,"rss":40108032},"service":"database-manager","timestamp":"2025-09-21T22:48:46.142Z"}
[32minfo[39m: Heartbeat: Database Manager Daemon is alive {"memory":{"arrayBuffers":4888351,"external":7725885,"heapTotal":126533632,"heapUsed":119903768,"rss":40124416},"service":"database-manager","timestamp":"2025-09-21T22:49:16.144Z"}
[32minfo[39m: Heartbeat: Database Manager Daemon is alive {"memory":{"arrayBuffers":4888351,"external":7725885,"heapTotal":126533632,"heapUsed":119915192,"rss":39911424},"service":"database-manager","timestamp":"2025-09-21T22:49:46.146Z"}
[32minfo[39m: Heartbeat: Database Manager Daemon is alive {"memory":{"arrayBuffers":4888351,"external":7725885,"heapTotal":126533632,"heapUsed":119929568,"rss":41140224},"service":"database-manager","timestamp":"2025-09-21T22:50:16.152Z"}
[32minfo[39m: Heartbeat: Database Manager Daemon is alive {"memory":{"arrayBuffers":4896543,"external":7734077,"heapTotal":126533632,"heapUsed":119941216,"rss":39911424},"service":"database-manager","timestamp":"2025-09-21T22:50:46.154Z"}
[32minfo[39m: Heartbeat: Database Manager Daemon is alive {"memory":{"arrayBuffers":4896543,"external":7734077,"heapTotal":126533632,"heapUsed":119952688,"rss":39911424},"service":"database-manager","timestamp":"2025-09-21T22:51:16.156Z"}
[32minfo[39m: Heartbeat: Database Manager Daemon is alive {"memory":{"arrayBuffers":4896543,"external":7734077,"heapTotal":126533632,"heapUsed":119964112,"rss":39911424},"service":"database-manager","timestamp":"2025-09-21T22:51:46.159Z"}
[32minfo[39m: Heartbeat: Database Manager Daemon is alive {"memory":{"arrayBuffers":4896543,"external":7734077,"heapTotal":126533632,"heapUsed":119975536,"rss":39911424},"service":"database-manager","timestamp":"2025-09-21T22:52:16.162Z"}
[32minfo[39m: Heartbeat: Database Manager Daemon is alive {"memory":{"arrayBuffers":4896543,"external":7734077,"heapTotal":126533632,"heapUsed":119986960,"rss":39911424},"service":"database-manager","timestamp":"2025-09-21T22:52:46.164Z"}
[32minfo[39m: Heartbeat: Database Manager Daemon is alive {"memory":{"arrayBuffers":4896543,"external":7734077,"heapTotal":126533632,"heapUsed":119998384,"rss":39911424},"service":"database-manager","timestamp":"2025-09-21T22:53:16.166Z"}
[32minfo[39m: Heartbeat: Database Manager Daemon is alive {"memory":{"arrayBuffers":4896543,"external":7734077,"heapTotal":126533632,"heapUsed":120009808,"rss":43237376},"service":"database-manager","timestamp":"2025-09-21T22:53:46.175Z"}
[32minfo[39m: Heartbeat: Database Manager Daemon is alive {"memory":{"arrayBuffers":4896543,"external":7734077,"heapTotal":126533632,"heapUsed":120021232,"rss":43237376},"service":"database-manager","timestamp":"2025-09-21T22:54:16.183Z"}
[32minfo[39m: Heartbeat: Database Manager Daemon is alive {"memory":{"arrayBuffers":4896543,"external":7734077,"heapTotal":126533632,"heapUsed":120032656,"rss":43253760},"service":"database-manager","timestamp":"2025-09-21T22:54:46.185Z"}
[32minfo[39m: Heartbeat: Database Manager Daemon is alive {"memory":{"arrayBuffers":4896543,"external":7734077,"heapTotal":126533632,"heapUsed":120044080,"rss":43237376},"service":"database-manager","timestamp":"2025-09-21T22:55:16.187Z"}
[32minfo[39m: Heartbeat: Database Manager Daemon is alive {"memory":{"arrayBuffers":4896543,"external":7734077,"heapTotal":126533632,"heapUsed":120055504,"rss":43204608},"service":"database-manager","timestamp":"2025-09-21T22:55:46.189Z"}
[32minfo[39m: Heartbeat: Database Manager Daemon is alive {"memory":{"arrayBuffers":4896543,"external":7734077,"heapTotal":126533632,"heapUsed":120066928,"rss":43253760},"service":"database-manager","timestamp":"2025-09-21T22:56:16.192Z"}
[32minfo[39m: Heartbeat: Database Manager Daemon is alive {"memory":{"arrayBuffers":4896543,"external":7734077,"heapTotal":126533632,"heapUsed":120078360,"rss":39895040},"service":"database-manager","timestamp":"2025-09-21T22:56:46.199Z"}
[32minfo[39m: Heartbeat: Database Manager Daemon is alive {"memory":{"arrayBuffers":4896543,"external":7734077,"heapTotal":126533632,"heapUsed":120089784,"rss":43204608},"service":"database-manager","timestamp":"2025-09-21T22:57:16.195Z"}
[32minfo[39m: Heartbeat: Database Manager Daemon is alive {"memory":{"arrayBuffers":4896543,"external":7734077,"heapTotal":126533632,"heapUsed":120101208,"rss":39944192},"service":"database-manager","timestamp":"2025-09-21T22:57:46.197Z"}
[32minfo[39m: Heartbeat: Database Manager Daemon is alive {"memory":{"arrayBuffers":4896543,"external":7734077,"heapTotal":126533632,"heapUsed":120112632,"rss":43237376},"service":"database-manager","timestamp":"2025-09-21T22:58:16.199Z"}
[32minfo[39m: Heartbeat: Database Manager Daemon is alive {"memory":{"arrayBuffers":4896543,"external":7734077,"heapTotal":126533632,"heapUsed":120124056,"rss":39895040},"service":"database-manager","timestamp":"2025-09-21T22:58:46.200Z"}
[32minfo[39m: Heartbeat: Database Manager Daemon is alive {"memory":{"arrayBuffers":4880159,"external":7734077,"heapTotal":125485056,"heapUsed":119339944,"rss":53116928},"service":"database-manager","timestamp":"2025-09-21T22:59:16.202Z"}
[32minfo[39m: Heartbeat: Database Manager Daemon is alive {"memory":{"arrayBuffers":4880159,"external":7734077,"heapTotal":125485056,"heapUsed":119351392,"rss":39944192},"service":"database-manager","timestamp":"2025-09-21T22:59:46.205Z"}
[32minfo[39m: Heartbeat: Database Manager Daemon is alive {"memory":{"arrayBuffers":4880159,"external":7734077,"heapTotal":125485056,"heapUsed":119362816,"rss":39911424},"service":"database-manager","timestamp":"2025-09-21T23:00:16.208Z"}
[32minfo[39m: Heartbeat: Database Manager Daemon is alive {"memory":{"arrayBuffers":4880159,"external":7734077,"heapTotal":125485056,"heapUsed":119374240,"rss":39911424},"service":"database-manager","timestamp":"2025-09-21T23:00:46.211Z"}
