[2025-09-26T10:11:16.907Z] Starting DevFlow Enforcement Daemon...
[2025-09-26T10:11:16.909Z] PID file written: /Users/fulvioventura/devflow/devflow-enforcement-daemon.pid
[2025-09-26T10:11:16.910Z] DevFlow Enforcement Daemon started successfully
[2025-09-26T10:11:16.910Z] PID: 53200
[2025-09-26T10:11:16.910Z] Health check port: 8787
[2025-09-26T10:11:16.910Z] Enforcement rules: MDR-001, MDR-002, MDR-003 loaded
[2025-09-26T10:11:16.910Z] Health check server running on port 8787
[2025-09-26T10:11:16.910Z] Health check endpoint: http://localhost:8787/health
[2025-09-26T10:11:26.910Z] Enforcement cycle: MDR-001, MDR-002, MDR-003 active
[2025-09-26T10:11:26.910Z] Enforcement cycle completed - system compliant
[2025-09-26T10:11:36.912Z] Enforcement cycle: MDR-001, MDR-002, MDR-003 active
[2025-09-26T10:11:36.912Z] Enforcement cycle completed - system compliant
[2025-09-26T10:11:46.911Z] Enforcement cycle: MDR-001, MDR-002, MDR-003 active
[2025-09-26T10:11:46.911Z] Enforcement cycle completed - system compliant
[2025-09-26T10:11:56.912Z] Enforcement cycle: MDR-001, MDR-002, MDR-003 active
[2025-09-26T10:11:56.912Z] Enforcement cycle completed - system compliant
[2025-09-26T10:12:06.913Z] Enforcement cycle: MDR-001, MDR-002, MDR-003 active
[2025-09-26T10:12:06.913Z] Enforcement cycle completed - system compliant
[2025-09-26T10:12:16.913Z] Enforcement cycle: MDR-001, MDR-002, MDR-003 active
[2025-09-26T10:12:16.913Z] Enforcement cycle completed - system compliant
[2025-09-26T10:12:26.915Z] Enforcement cycle: MDR-001, MDR-002, MDR-003 active
[2025-09-26T10:12:26.915Z] Enforcement cycle completed - system compliant
[2025-09-26T10:12:36.916Z] Enforcement cycle: MDR-001, MDR-002, MDR-003 active
[2025-09-26T10:12:36.917Z] Enforcement cycle completed - system compliant
[2025-09-26T10:12:46.917Z] Enforcement cycle: MDR-001, MDR-002, MDR-003 active
[2025-09-26T10:12:46.918Z] Enforcement cycle completed - system compliant
[2025-09-26T10:12:56.918Z] Enforcement cycle: MDR-001, MDR-002, MDR-003 active
[2025-09-26T10:12:56.918Z] Enforcement cycle completed - system compliant
[2025-09-26T10:13:06.918Z] Enforcement cycle: MDR-001, MDR-002, MDR-003 active
[2025-09-26T10:13:06.918Z] Enforcement cycle completed - system compliant
[2025-09-26T10:13:16.918Z] Enforcement cycle: MDR-001, MDR-002, MDR-003 active
[2025-09-26T10:13:16.918Z] Enforcement cycle completed - system compliant
[2025-09-26T10:13:26.919Z] Enforcement cycle: MDR-001, MDR-002, MDR-003 active
[2025-09-26T10:13:26.919Z] Enforcement cycle completed - system compliant
[2025-09-26T10:13:36.920Z] Enforcement cycle: MDR-001, MDR-002, MDR-003 active
[2025-09-26T10:13:36.920Z] Enforcement cycle completed - system compliant
[2025-09-26T10:13:46.920Z] Enforcement cycle: MDR-001, MDR-002, MDR-003 active
[2025-09-26T10:13:46.921Z] Enforcement cycle completed - system compliant
[2025-09-26T10:13:56.921Z] Enforcement cycle: MDR-001, MDR-002, MDR-003 active
[2025-09-26T10:13:56.921Z] Enforcement cycle completed - system compliant
[2025-09-26T10:14:06.923Z] Enforcement cycle: MDR-001, MDR-002, MDR-003 active
[2025-09-26T10:14:06.923Z] Enforcement cycle completed - system compliant
[2025-09-26T10:14:16.924Z] Enforcement cycle: MDR-001, MDR-002, MDR-003 active
[2025-09-26T10:14:16.924Z] Enforcement cycle completed - system compliant
[2025-09-26T10:14:26.924Z] Enforcement cycle: MDR-001, MDR-002, MDR-003 active
[2025-09-26T10:14:26.924Z] Enforcement cycle completed - system compliant
[2025-09-26T10:14:36.926Z] Enforcement cycle: MDR-001, MDR-002, MDR-003 active
[2025-09-26T10:14:36.926Z] Enforcement cycle completed - system compliant
[2025-09-26T10:14:46.990Z] Enforcement cycle: MDR-001, MDR-002, MDR-003 active
[2025-09-26T10:14:46.991Z] Enforcement cycle completed - system compliant
[2025-09-26T10:14:56.992Z] Enforcement cycle: MDR-001, MDR-002, MDR-003 active
[2025-09-26T10:14:56.992Z] Enforcement cycle completed - system compliant
[2025-09-26T10:15:06.992Z] Enforcement cycle: MDR-001, MDR-002, MDR-003 active
[2025-09-26T10:15:06.992Z] Enforcement cycle completed - system compliant
[2025-09-26T10:15:16.996Z] Enforcement cycle: MDR-001, MDR-002, MDR-003 active
[2025-09-26T10:15:16.997Z] Enforcement cycle completed - system compliant
[2025-09-26T10:15:26.997Z] Enforcement cycle: MDR-001, MDR-002, MDR-003 active
[2025-09-26T10:15:26.997Z] Enforcement cycle completed - system compliant
[2025-09-26T10:15:36.997Z] Enforcement cycle: MDR-001, MDR-002, MDR-003 active
[2025-09-26T10:15:36.998Z] Enforcement cycle completed - system compliant
[2025-09-26T10:15:46.997Z] Enforcement cycle: MDR-001, MDR-002, MDR-003 active
[2025-09-26T10:15:46.998Z] Enforcement cycle completed - system compliant
[2025-09-26T10:15:56.998Z] Enforcement cycle: MDR-001, MDR-002, MDR-003 active
[2025-09-26T10:15:56.999Z] Enforcement cycle completed - system compliant
[2025-09-26T10:16:07.000Z] Enforcement cycle: MDR-001, MDR-002, MDR-003 active
[2025-09-26T10:16:07.000Z] Enforcement cycle completed - system compliant
[2025-09-26T10:16:17.000Z] Enforcement cycle: MDR-001, MDR-002, MDR-003 active
[2025-09-26T10:16:17.001Z] Enforcement cycle completed - system compliant
[2025-09-26T10:16:27.001Z] Enforcement cycle: MDR-001, MDR-002, MDR-003 active
[2025-09-26T10:16:27.002Z] Enforcement cycle completed - system compliant
[2025-09-26T10:16:37.002Z] Enforcement cycle: MDR-001, MDR-002, MDR-003 active
[2025-09-26T10:16:37.003Z] Enforcement cycle completed - system compliant
[2025-09-26T10:16:47.004Z] Enforcement cycle: MDR-001, MDR-002, MDR-003 active
[2025-09-26T10:16:47.004Z] Enforcement cycle completed - system compliant
[2025-09-26T10:16:57.005Z] Enforcement cycle: MDR-001, MDR-002, MDR-003 active
[2025-09-26T10:16:57.005Z] Enforcement cycle completed - system compliant
[2025-09-26T10:17:07.006Z] Enforcement cycle: MDR-001, MDR-002, MDR-003 active
[2025-09-26T10:17:07.006Z] Enforcement cycle completed - system compliant
[2025-09-26T10:17:17.007Z] Enforcement cycle: MDR-001, MDR-002, MDR-003 active
[2025-09-26T10:17:17.007Z] Enforcement cycle completed - system compliant
[2025-09-26T10:17:27.007Z] Enforcement cycle: MDR-001, MDR-002, MDR-003 active
[2025-09-26T10:17:27.007Z] Enforcement cycle completed - system compliant
[2025-09-26T10:17:37.008Z] Enforcement cycle: MDR-001, MDR-002, MDR-003 active
[2025-09-26T10:17:37.008Z] Enforcement cycle completed - system compliant
[2025-09-26T10:17:47.009Z] Enforcement cycle: MDR-001, MDR-002, MDR-003 active
[2025-09-26T10:17:47.010Z] Enforcement cycle completed - system compliant
[2025-09-26T10:17:57.010Z] Enforcement cycle: MDR-001, MDR-002, MDR-003 active
[2025-09-26T10:17:57.010Z] Enforcement cycle completed - system compliant
[2025-09-26T10:18:07.010Z] Enforcement cycle: MDR-001, MDR-002, MDR-003 active
[2025-09-26T10:18:07.011Z] Enforcement cycle completed - system compliant
[2025-09-26T10:18:17.011Z] Enforcement cycle: MDR-001, MDR-002, MDR-003 active
[2025-09-26T10:18:17.012Z] Enforcement cycle completed - system compliant
[2025-09-26T10:18:27.012Z] Enforcement cycle: MDR-001, MDR-002, MDR-003 active
[2025-09-26T10:18:27.012Z] Enforcement cycle completed - system compliant
[2025-09-26T10:18:37.014Z] Enforcement cycle: MDR-001, MDR-002, MDR-003 active
[2025-09-26T10:18:37.014Z] Enforcement cycle completed - system compliant
[2025-09-26T10:18:47.015Z] Enforcement cycle: MDR-001, MDR-002, MDR-003 active
[2025-09-26T10:18:47.015Z] Enforcement cycle completed - system compliant
[2025-09-26T10:18:57.015Z] Enforcement cycle: MDR-001, MDR-002, MDR-003 active
[2025-09-26T10:18:57.016Z] Enforcement cycle completed - system compliant
[2025-09-26T10:19:07.017Z] Enforcement cycle: MDR-001, MDR-002, MDR-003 active
[2025-09-26T10:19:07.017Z] Enforcement cycle completed - system compliant
[2025-09-26T10:19:17.018Z] Enforcement cycle: MDR-001, MDR-002, MDR-003 active
[2025-09-26T10:19:17.018Z] Enforcement cycle completed - system compliant
[2025-09-26T10:19:27.019Z] Enforcement cycle: MDR-001, MDR-002, MDR-003 active
[2025-09-26T10:19:27.019Z] Enforcement cycle completed - system compliant
[2025-09-26T10:19:37.020Z] Enforcement cycle: MDR-001, MDR-002, MDR-003 active
[2025-09-26T10:19:37.020Z] Enforcement cycle completed - system compliant
[2025-09-26T10:19:47.020Z] Enforcement cycle: MDR-001, MDR-002, MDR-003 active
[2025-09-26T10:19:47.021Z] Enforcement cycle completed - system compliant
[2025-09-26T10:19:57.021Z] Enforcement cycle: MDR-001, MDR-002, MDR-003 active
[2025-09-26T10:19:57.021Z] Enforcement cycle completed - system compliant
[2025-09-26T10:20:07.021Z] Enforcement cycle: MDR-001, MDR-002, MDR-003 active
[2025-09-26T10:20:07.021Z] Enforcement cycle completed - system compliant
[2025-09-26T10:20:17.021Z] Enforcement cycle: MDR-001, MDR-002, MDR-003 active
[2025-09-26T10:20:17.022Z] Enforcement cycle completed - system compliant
[2025-09-26T10:20:27.023Z] Enforcement cycle: MDR-001, MDR-002, MDR-003 active
[2025-09-26T10:20:27.024Z] Enforcement cycle completed - system compliant
[2025-09-26T10:20:37.024Z] Enforcement cycle: MDR-001, MDR-002, MDR-003 active
[2025-09-26T10:20:37.025Z] Enforcement cycle completed - system compliant
[2025-09-26T10:20:47.025Z] Enforcement cycle: MDR-001, MDR-002, MDR-003 active
[2025-09-26T10:20:47.025Z] Enforcement cycle completed - system compliant
[2025-09-26T10:20:57.027Z] Enforcement cycle: MDR-001, MDR-002, MDR-003 active
[2025-09-26T10:20:57.027Z] Enforcement cycle completed - system compliant
[2025-09-26T10:21:07.027Z] Enforcement cycle: MDR-001, MDR-002, MDR-003 active
[2025-09-26T10:21:07.028Z] Enforcement cycle completed - system compliant
[2025-09-26T10:21:17.028Z] Enforcement cycle: MDR-001, MDR-002, MDR-003 active
[2025-09-26T10:21:17.029Z] Enforcement cycle completed - system compliant
[2025-09-26T10:21:27.030Z] Enforcement cycle: MDR-001, MDR-002, MDR-003 active
[2025-09-26T10:21:27.030Z] Enforcement cycle completed - system compliant
[2025-09-26T10:21:37.031Z] Enforcement cycle: MDR-001, MDR-002, MDR-003 active
[2025-09-26T10:21:37.031Z] Enforcement cycle completed - system compliant
[2025-09-26T10:21:47.032Z] Enforcement cycle: MDR-001, MDR-002, MDR-003 active
[2025-09-26T10:21:47.032Z] Enforcement cycle completed - system compliant
[2025-09-26T10:21:57.033Z] Enforcement cycle: MDR-001, MDR-002, MDR-003 active
[2025-09-26T10:21:57.033Z] Enforcement cycle completed - system compliant
[2025-09-26T10:22:07.035Z] Enforcement cycle: MDR-001, MDR-002, MDR-003 active
[2025-09-26T10:22:07.035Z] Enforcement cycle completed - system compliant
[2025-09-26T10:22:17.035Z] Enforcement cycle: MDR-001, MDR-002, MDR-003 active
[2025-09-26T10:22:17.035Z] Enforcement cycle completed - system compliant
[2025-09-26T10:22:27.036Z] Enforcement cycle: MDR-001, MDR-002, MDR-003 active
[2025-09-26T10:22:27.037Z] Enforcement cycle completed - system compliant
[2025-09-26T10:22:37.038Z] Enforcement cycle: MDR-001, MDR-002, MDR-003 active
[2025-09-26T10:22:37.038Z] Enforcement cycle completed - system compliant
[2025-09-26T10:22:47.038Z] Enforcement cycle: MDR-001, MDR-002, MDR-003 active
[2025-09-26T10:22:47.039Z] Enforcement cycle completed - system compliant
[2025-09-26T10:22:57.039Z] Enforcement cycle: MDR-001, MDR-002, MDR-003 active
[2025-09-26T10:22:57.039Z] Enforcement cycle completed - system compliant
[2025-09-26T10:23:07.039Z] Enforcement cycle: MDR-001, MDR-002, MDR-003 active
[2025-09-26T10:23:07.039Z] Enforcement cycle completed - system compliant
[2025-09-26T10:23:17.041Z] Enforcement cycle: MDR-001, MDR-002, MDR-003 active
[2025-09-26T10:23:17.041Z] Enforcement cycle completed - system compliant
[2025-09-26T10:23:27.041Z] Enforcement cycle: MDR-001, MDR-002, MDR-003 active
[2025-09-26T10:23:27.041Z] Enforcement cycle completed - system compliant
[2025-09-26T10:23:37.042Z] Enforcement cycle: MDR-001, MDR-002, MDR-003 active
[2025-09-26T10:23:37.042Z] Enforcement cycle completed - system compliant
[2025-09-26T10:23:47.043Z] Enforcement cycle: MDR-001, MDR-002, MDR-003 active
[2025-09-26T10:23:47.043Z] Enforcement cycle completed - system compliant
[2025-09-26T10:23:57.046Z] Enforcement cycle: MDR-001, MDR-002, MDR-003 active
[2025-09-26T10:23:57.048Z] Enforcement cycle completed - system compliant
[2025-09-26T10:24:07.047Z] Enforcement cycle: MDR-001, MDR-002, MDR-003 active
[2025-09-26T10:24:07.047Z] Enforcement cycle completed - system compliant
[2025-09-26T10:24:17.047Z] Enforcement cycle: MDR-001, MDR-002, MDR-003 active
[2025-09-26T10:24:17.048Z] Enforcement cycle completed - system compliant
[2025-09-26T10:24:27.048Z] Enforcement cycle: MDR-001, MDR-002, MDR-003 active
[2025-09-26T10:24:27.048Z] Enforcement cycle completed - system compliant
[2025-09-26T10:24:37.049Z] Enforcement cycle: MDR-001, MDR-002, MDR-003 active
[2025-09-26T10:24:37.050Z] Enforcement cycle completed - system compliant
[2025-09-26T10:24:47.051Z] Enforcement cycle: MDR-001, MDR-002, MDR-003 active
[2025-09-26T10:24:47.051Z] Enforcement cycle completed - system compliant
[2025-09-26T10:24:57.051Z] Enforcement cycle: MDR-001, MDR-002, MDR-003 active
[2025-09-26T10:24:57.051Z] Enforcement cycle completed - system compliant
[2025-09-26T10:25:07.051Z] Enforcement cycle: MDR-001, MDR-002, MDR-003 active
[2025-09-26T10:25:07.052Z] Enforcement cycle completed - system compliant
[2025-09-26T10:25:17.053Z] Enforcement cycle: MDR-001, MDR-002, MDR-003 active
[2025-09-26T10:25:17.053Z] Enforcement cycle completed - system compliant
[2025-09-26T10:25:27.053Z] Enforcement cycle: MDR-001, MDR-002, MDR-003 active
[2025-09-26T10:25:27.054Z] Enforcement cycle completed - system compliant
[2025-09-26T10:25:37.055Z] Enforcement cycle: MDR-001, MDR-002, MDR-003 active
[2025-09-26T10:25:37.055Z] Enforcement cycle completed - system compliant
[2025-09-26T10:25:47.056Z] Enforcement cycle: MDR-001, MDR-002, MDR-003 active
[2025-09-26T10:25:47.056Z] Enforcement cycle completed - system compliant
[2025-09-26T10:25:57.057Z] Enforcement cycle: MDR-001, MDR-002, MDR-003 active
[2025-09-26T10:25:57.057Z] Enforcement cycle completed - system compliant
[2025-09-26T10:26:07.058Z] Enforcement cycle: MDR-001, MDR-002, MDR-003 active
[2025-09-26T10:26:07.058Z] Enforcement cycle completed - system compliant
[2025-09-26T10:26:17.060Z] Enforcement cycle: MDR-001, MDR-002, MDR-003 active
[2025-09-26T10:26:17.060Z] Enforcement cycle completed - system compliant
[2025-09-26T10:26:27.059Z] Enforcement cycle: MDR-001, MDR-002, MDR-003 active
[2025-09-26T10:26:27.059Z] Enforcement cycle completed - system compliant
[2025-09-26T10:26:37.060Z] Enforcement cycle: MDR-001, MDR-002, MDR-003 active
[2025-09-26T10:26:37.061Z] Enforcement cycle completed - system compliant
[2025-09-26T10:26:47.062Z] Enforcement cycle: MDR-001, MDR-002, MDR-003 active
[2025-09-26T10:26:47.062Z] Enforcement cycle completed - system compliant
[2025-09-26T10:26:57.063Z] Enforcement cycle: MDR-001, MDR-002, MDR-003 active
[2025-09-26T10:26:57.063Z] Enforcement cycle completed - system compliant
[2025-09-26T10:27:07.065Z] Enforcement cycle: MDR-001, MDR-002, MDR-003 active
[2025-09-26T10:27:07.065Z] Enforcement cycle completed - system compliant
[2025-09-26T10:27:17.066Z] Enforcement cycle: MDR-001, MDR-002, MDR-003 active
[2025-09-26T10:27:17.066Z] Enforcement cycle completed - system compliant
[2025-09-26T10:27:27.066Z] Enforcement cycle: MDR-001, MDR-002, MDR-003 active
[2025-09-26T10:27:27.067Z] Enforcement cycle completed - system compliant
[2025-09-26T10:27:37.066Z] Enforcement cycle: MDR-001, MDR-002, MDR-003 active
[2025-09-26T10:27:37.066Z] Enforcement cycle completed - system compliant
[2025-09-26T10:27:47.068Z] Enforcement cycle: MDR-001, MDR-002, MDR-003 active
[2025-09-26T10:27:47.069Z] Enforcement cycle completed - system compliant
[2025-09-26T10:27:57.070Z] Enforcement cycle: MDR-001, MDR-002, MDR-003 active
[2025-09-26T10:27:57.070Z] Enforcement cycle completed - system compliant
[2025-09-26T10:28:07.072Z] Enforcement cycle: MDR-001, MDR-002, MDR-003 active
[2025-09-26T10:28:07.073Z] Enforcement cycle completed - system compliant
[2025-09-26T10:28:17.074Z] Enforcement cycle: MDR-001, MDR-002, MDR-003 active
[2025-09-26T10:28:17.075Z] Enforcement cycle completed - system compliant
[2025-09-26T10:28:27.073Z] Enforcement cycle: MDR-001, MDR-002, MDR-003 active
[2025-09-26T10:28:27.075Z] Enforcement cycle completed - system compliant
[2025-09-26T10:28:37.076Z] Enforcement cycle: MDR-001, MDR-002, MDR-003 active
[2025-09-26T10:28:37.077Z] Enforcement cycle completed - system compliant
[2025-09-26T10:28:47.079Z] Enforcement cycle: MDR-001, MDR-002, MDR-003 active
[2025-09-26T10:28:47.079Z] Enforcement cycle completed - system compliant
[2025-09-26T10:28:57.081Z] Enforcement cycle: MDR-001, MDR-002, MDR-003 active
[2025-09-26T10:28:57.082Z] Enforcement cycle completed - system compliant
[2025-09-26T10:29:07.082Z] Enforcement cycle: MDR-001, MDR-002, MDR-003 active
[2025-09-26T10:29:07.082Z] Enforcement cycle completed - system compliant
[2025-09-26T10:29:17.083Z] Enforcement cycle: MDR-001, MDR-002, MDR-003 active
[2025-09-26T10:29:17.083Z] Enforcement cycle completed - system compliant
[2025-09-26T10:29:27.085Z] Enforcement cycle: MDR-001, MDR-002, MDR-003 active
[2025-09-26T10:29:27.086Z] Enforcement cycle completed - system compliant
[2025-09-26T10:29:37.087Z] Enforcement cycle: MDR-001, MDR-002, MDR-003 active
[2025-09-26T10:29:37.088Z] Enforcement cycle completed - system compliant
[2025-09-26T10:29:47.090Z] Enforcement cycle: MDR-001, MDR-002, MDR-003 active
[2025-09-26T10:29:47.090Z] Enforcement cycle completed - system compliant
[2025-09-26T10:29:57.090Z] Enforcement cycle: MDR-001, MDR-002, MDR-003 active
[2025-09-26T10:29:57.091Z] Enforcement cycle completed - system compliant
[2025-09-26T10:30:07.091Z] Enforcement cycle: MDR-001, MDR-002, MDR-003 active
[2025-09-26T10:30:07.092Z] Enforcement cycle completed - system compliant
[2025-09-26T10:30:17.093Z] Enforcement cycle: MDR-001, MDR-002, MDR-003 active
[2025-09-26T10:30:17.093Z] Enforcement cycle completed - system compliant
[2025-09-26T10:30:27.093Z] Enforcement cycle: MDR-001, MDR-002, MDR-003 active
[2025-09-26T10:30:27.093Z] Enforcement cycle completed - system compliant
[2025-09-26T10:30:37.093Z] Enforcement cycle: MDR-001, MDR-002, MDR-003 active
[2025-09-26T10:30:37.094Z] Enforcement cycle completed - system compliant
[2025-09-26T10:30:47.095Z] Enforcement cycle: MDR-001, MDR-002, MDR-003 active
[2025-09-26T10:30:47.095Z] Enforcement cycle completed - system compliant
[2025-09-26T10:30:57.096Z] Enforcement cycle: MDR-001, MDR-002, MDR-003 active
[2025-09-26T10:30:57.096Z] Enforcement cycle completed - system compliant
[2025-09-26T10:31:07.096Z] Enforcement cycle: MDR-001, MDR-002, MDR-003 active
[2025-09-26T10:31:07.096Z] Enforcement cycle completed - system compliant
[2025-09-26T10:31:17.097Z] Enforcement cycle: MDR-001, MDR-002, MDR-003 active
[2025-09-26T10:31:17.097Z] Enforcement cycle completed - system compliant
[2025-09-26T10:31:27.098Z] Enforcement cycle: MDR-001, MDR-002, MDR-003 active
[2025-09-26T10:31:27.098Z] Enforcement cycle completed - system compliant
[2025-09-26T10:31:37.099Z] Enforcement cycle: MDR-001, MDR-002, MDR-003 active
[2025-09-26T10:31:37.099Z] Enforcement cycle completed - system compliant
[2025-09-26T10:31:47.102Z] Enforcement cycle: MDR-001, MDR-002, MDR-003 active
[2025-09-26T10:31:47.103Z] Enforcement cycle completed - system compliant
[2025-09-26T10:31:57.103Z] Enforcement cycle: MDR-001, MDR-002, MDR-003 active
[2025-09-26T10:31:57.104Z] Enforcement cycle completed - system compliant
[2025-09-26T10:32:07.104Z] Enforcement cycle: MDR-001, MDR-002, MDR-003 active
[2025-09-26T10:32:07.105Z] Enforcement cycle completed - system compliant
[2025-09-26T10:32:17.105Z] Enforcement cycle: MDR-001, MDR-002, MDR-003 active
[2025-09-26T10:32:17.106Z] Enforcement cycle completed - system compliant
[2025-09-26T10:32:27.107Z] Enforcement cycle: MDR-001, MDR-002, MDR-003 active
[2025-09-26T10:32:27.107Z] Enforcement cycle completed - system compliant
[2025-09-26T10:32:37.109Z] Enforcement cycle: MDR-001, MDR-002, MDR-003 active
[2025-09-26T10:32:37.109Z] Enforcement cycle completed - system compliant
[2025-09-26T10:32:47.110Z] Enforcement cycle: MDR-001, MDR-002, MDR-003 active
[2025-09-26T10:32:47.111Z] Enforcement cycle completed - system compliant
[2025-09-26T10:32:57.111Z] Enforcement cycle: MDR-001, MDR-002, MDR-003 active
[2025-09-26T10:32:57.112Z] Enforcement cycle completed - system compliant
[2025-09-26T10:33:07.114Z] Enforcement cycle: MDR-001, MDR-002, MDR-003 active
[2025-09-26T10:33:07.114Z] Enforcement cycle completed - system compliant
[2025-09-26T10:33:17.115Z] Enforcement cycle: MDR-001, MDR-002, MDR-003 active
[2025-09-26T10:33:17.115Z] Enforcement cycle completed - system compliant
[2025-09-26T10:33:27.116Z] Enforcement cycle: MDR-001, MDR-002, MDR-003 active
[2025-09-26T10:33:27.117Z] Enforcement cycle completed - system compliant
[2025-09-26T10:33:37.118Z] Enforcement cycle: MDR-001, MDR-002, MDR-003 active
[2025-09-26T10:33:37.119Z] Enforcement cycle completed - system compliant
[2025-09-26T10:33:47.119Z] Enforcement cycle: MDR-001, MDR-002, MDR-003 active
[2025-09-26T10:33:47.119Z] Enforcement cycle completed - system compliant
[2025-09-26T10:33:57.121Z] Enforcement cycle: MDR-001, MDR-002, MDR-003 active
[2025-09-26T10:33:57.122Z] Enforcement cycle completed - system compliant
[2025-09-26T10:34:07.121Z] Enforcement cycle: MDR-001, MDR-002, MDR-003 active
[2025-09-26T10:34:07.121Z] Enforcement cycle completed - system compliant
[2025-09-26T10:34:17.123Z] Enforcement cycle: MDR-001, MDR-002, MDR-003 active
[2025-09-26T10:34:17.129Z] Enforcement cycle completed - system compliant
[2025-09-26T10:34:27.122Z] Enforcement cycle: MDR-001, MDR-002, MDR-003 active
[2025-09-26T10:34:27.122Z] Enforcement cycle completed - system compliant
[2025-09-26T10:34:37.123Z] Enforcement cycle: MDR-001, MDR-002, MDR-003 active
[2025-09-26T10:34:37.123Z] Enforcement cycle completed - system compliant
[2025-09-26T10:34:47.123Z] Enforcement cycle: MDR-001, MDR-002, MDR-003 active
[2025-09-26T10:34:47.123Z] Enforcement cycle completed - system compliant
[2025-09-26T10:34:57.124Z] Enforcement cycle: MDR-001, MDR-002, MDR-003 active
[2025-09-26T10:34:57.125Z] Enforcement cycle completed - system compliant
[2025-09-26T10:35:07.126Z] Enforcement cycle: MDR-001, MDR-002, MDR-003 active
[2025-09-26T10:35:07.126Z] Enforcement cycle completed - system compliant
[2025-09-26T10:35:17.126Z] Enforcement cycle: MDR-001, MDR-002, MDR-003 active
[2025-09-26T10:35:17.127Z] Enforcement cycle completed - system compliant
[2025-09-26T10:35:27.127Z] Enforcement cycle: MDR-001, MDR-002, MDR-003 active
[2025-09-26T10:35:27.128Z] Enforcement cycle completed - system compliant
[2025-09-26T10:35:37.129Z] Enforcement cycle: MDR-001, MDR-002, MDR-003 active
[2025-09-26T10:35:37.130Z] Enforcement cycle completed - system compliant
[2025-09-26T10:35:47.131Z] Enforcement cycle: MDR-001, MDR-002, MDR-003 active
[2025-09-26T10:35:47.131Z] Enforcement cycle completed - system compliant
[2025-09-26T10:35:57.131Z] Enforcement cycle: MDR-001, MDR-002, MDR-003 active
[2025-09-26T10:35:57.132Z] Enforcement cycle completed - system compliant
[2025-09-26T10:36:07.132Z] Enforcement cycle: MDR-001, MDR-002, MDR-003 active
[2025-09-26T10:36:07.132Z] Enforcement cycle completed - system compliant
[2025-09-26T10:36:17.133Z] Enforcement cycle: MDR-001, MDR-002, MDR-003 active
[2025-09-26T10:36:17.134Z] Enforcement cycle completed - system compliant
[2025-09-26T10:36:27.135Z] Enforcement cycle: MDR-001, MDR-002, MDR-003 active
[2025-09-26T10:36:27.135Z] Enforcement cycle completed - system compliant
[2025-09-26T10:36:37.135Z] Enforcement cycle: MDR-001, MDR-002, MDR-003 active
[2025-09-26T10:36:37.136Z] Enforcement cycle completed - system compliant
[2025-09-26T10:36:47.135Z] Enforcement cycle: MDR-001, MDR-002, MDR-003 active
[2025-09-26T10:36:47.136Z] Enforcement cycle completed - system compliant
[2025-09-26T10:36:57.138Z] Enforcement cycle: MDR-001, MDR-002, MDR-003 active
[2025-09-26T10:36:57.139Z] Enforcement cycle completed - system compliant
[2025-09-26T10:37:07.139Z] Enforcement cycle: MDR-001, MDR-002, MDR-003 active
[2025-09-26T10:37:07.139Z] Enforcement cycle completed - system compliant
[2025-09-26T10:37:17.140Z] Enforcement cycle: MDR-001, MDR-002, MDR-003 active
[2025-09-26T10:37:17.140Z] Enforcement cycle completed - system compliant
[2025-09-26T10:37:27.141Z] Enforcement cycle: MDR-001, MDR-002, MDR-003 active
[2025-09-26T10:37:27.141Z] Enforcement cycle completed - system compliant
[2025-09-26T10:37:37.142Z] Enforcement cycle: MDR-001, MDR-002, MDR-003 active
[2025-09-26T10:37:37.143Z] Enforcement cycle completed - system compliant
[2025-09-26T10:37:47.143Z] Enforcement cycle: MDR-001, MDR-002, MDR-003 active
[2025-09-26T10:37:47.144Z] Enforcement cycle completed - system compliant
[2025-09-26T10:37:57.144Z] Enforcement cycle: MDR-001, MDR-002, MDR-003 active
[2025-09-26T10:37:57.144Z] Enforcement cycle completed - system compliant
[2025-09-26T10:38:07.145Z] Enforcement cycle: MDR-001, MDR-002, MDR-003 active
[2025-09-26T10:38:07.146Z] Enforcement cycle completed - system compliant
[2025-09-26T10:38:17.147Z] Enforcement cycle: MDR-001, MDR-002, MDR-003 active
[2025-09-26T10:38:17.147Z] Enforcement cycle completed - system compliant
[2025-09-26T10:38:27.147Z] Enforcement cycle: MDR-001, MDR-002, MDR-003 active
[2025-09-26T10:38:27.147Z] Enforcement cycle completed - system compliant
[2025-09-26T10:38:37.148Z] Enforcement cycle: MDR-001, MDR-002, MDR-003 active
[2025-09-26T10:38:37.148Z] Enforcement cycle completed - system compliant
[2025-09-26T10:38:47.148Z] Enforcement cycle: MDR-001, MDR-002, MDR-003 active
[2025-09-26T10:38:47.149Z] Enforcement cycle completed - system compliant
[2025-09-26T10:38:57.150Z] Enforcement cycle: MDR-001, MDR-002, MDR-003 active
[2025-09-26T10:38:57.150Z] Enforcement cycle completed - system compliant
[2025-09-26T10:39:07.150Z] Enforcement cycle: MDR-001, MDR-002, MDR-003 active
[2025-09-26T10:39:07.151Z] Enforcement cycle completed - system compliant
[2025-09-26T10:39:17.152Z] Enforcement cycle: MDR-001, MDR-002, MDR-003 active
[2025-09-26T10:39:17.152Z] Enforcement cycle completed - system compliant
[2025-09-26T10:39:27.155Z] Enforcement cycle: MDR-001, MDR-002, MDR-003 active
[2025-09-26T10:39:27.155Z] Enforcement cycle completed - system compliant
[2025-09-26T10:39:37.156Z] Enforcement cycle: MDR-001, MDR-002, MDR-003 active
[2025-09-26T10:39:37.156Z] Enforcement cycle completed - system compliant
[2025-09-26T10:39:47.158Z] Enforcement cycle: MDR-001, MDR-002, MDR-003 active
[2025-09-26T10:39:47.158Z] Enforcement cycle completed - system compliant
[2025-09-26T10:39:57.159Z] Enforcement cycle: MDR-001, MDR-002, MDR-003 active
[2025-09-26T10:39:57.159Z] Enforcement cycle completed - system compliant
[2025-09-26T10:40:07.160Z] Enforcement cycle: MDR-001, MDR-002, MDR-003 active
[2025-09-26T10:40:07.160Z] Enforcement cycle completed - system compliant
[2025-09-26T10:40:17.159Z] Enforcement cycle: MDR-001, MDR-002, MDR-003 active
[2025-09-26T10:40:17.159Z] Enforcement cycle completed - system compliant
[2025-09-26T10:40:27.160Z] Enforcement cycle: MDR-001, MDR-002, MDR-003 active
[2025-09-26T10:40:27.161Z] Enforcement cycle completed - system compliant
[2025-09-26T10:40:37.162Z] Enforcement cycle: MDR-001, MDR-002, MDR-003 active
[2025-09-26T10:40:37.162Z] Enforcement cycle completed - system compliant
[2025-09-26T10:40:47.162Z] Enforcement cycle: MDR-001, MDR-002, MDR-003 active
[2025-09-26T10:40:47.162Z] Enforcement cycle completed - system compliant
[2025-09-26T10:40:57.164Z] Enforcement cycle: MDR-001, MDR-002, MDR-003 active
[2025-09-26T10:40:57.164Z] Enforcement cycle completed - system compliant
[2025-09-26T10:41:07.165Z] Enforcement cycle: MDR-001, MDR-002, MDR-003 active
[2025-09-26T10:41:07.165Z] Enforcement cycle completed - system compliant
[2025-09-26T10:41:17.166Z] Enforcement cycle: MDR-001, MDR-002, MDR-003 active
[2025-09-26T10:41:17.166Z] Enforcement cycle completed - system compliant
[2025-09-26T10:41:27.167Z] Enforcement cycle: MDR-001, MDR-002, MDR-003 active
[2025-09-26T10:41:27.167Z] Enforcement cycle completed - system compliant
[2025-09-26T10:41:37.167Z] Enforcement cycle: MDR-001, MDR-002, MDR-003 active
[2025-09-26T10:41:37.168Z] Enforcement cycle completed - system compliant
[2025-09-26T10:41:47.169Z] Enforcement cycle: MDR-001, MDR-002, MDR-003 active
[2025-09-26T10:41:47.169Z] Enforcement cycle completed - system compliant
[2025-09-26T10:41:57.169Z] Enforcement cycle: MDR-001, MDR-002, MDR-003 active
[2025-09-26T10:41:57.169Z] Enforcement cycle completed - system compliant
[2025-09-26T10:42:07.171Z] Enforcement cycle: MDR-001, MDR-002, MDR-003 active
[2025-09-26T10:42:07.173Z] Enforcement cycle completed - system compliant
[2025-09-26T10:42:17.171Z] Enforcement cycle: MDR-001, MDR-002, MDR-003 active
[2025-09-26T10:42:17.171Z] Enforcement cycle completed - system compliant
[2025-09-26T10:42:27.173Z] Enforcement cycle: MDR-001, MDR-002, MDR-003 active
[2025-09-26T10:42:27.174Z] Enforcement cycle completed - system compliant
[2025-09-26T10:42:37.173Z] Enforcement cycle: MDR-001, MDR-002, MDR-003 active
[2025-09-26T10:42:37.174Z] Enforcement cycle completed - system compliant
[2025-09-26T10:42:47.175Z] Enforcement cycle: MDR-001, MDR-002, MDR-003 active
[2025-09-26T10:42:47.175Z] Enforcement cycle completed - system compliant
[2025-09-26T10:42:57.175Z] Enforcement cycle: MDR-001, MDR-002, MDR-003 active
[2025-09-26T10:42:57.176Z] Enforcement cycle completed - system compliant
[2025-09-26T10:43:07.177Z] Enforcement cycle: MDR-001, MDR-002, MDR-003 active
[2025-09-26T10:43:07.178Z] Enforcement cycle completed - system compliant
[2025-09-26T10:43:17.178Z] Enforcement cycle: MDR-001, MDR-002, MDR-003 active
[2025-09-26T10:43:17.179Z] Enforcement cycle completed - system compliant
[2025-09-26T10:43:27.180Z] Enforcement cycle: MDR-001, MDR-002, MDR-003 active
[2025-09-26T10:43:27.180Z] Enforcement cycle completed - system compliant
[2025-09-26T10:43:37.181Z] Enforcement cycle: MDR-001, MDR-002, MDR-003 active
[2025-09-26T10:43:37.182Z] Enforcement cycle completed - system compliant
[2025-09-26T10:43:47.183Z] Enforcement cycle: MDR-001, MDR-002, MDR-003 active
[2025-09-26T10:43:47.183Z] Enforcement cycle completed - system compliant
[2025-09-26T10:43:57.184Z] Enforcement cycle: MDR-001, MDR-002, MDR-003 active
[2025-09-26T10:43:57.185Z] Enforcement cycle completed - system compliant
[2025-09-26T10:44:07.185Z] Enforcement cycle: MDR-001, MDR-002, MDR-003 active
[2025-09-26T10:44:07.185Z] Enforcement cycle completed - system compliant
[2025-09-26T10:44:17.186Z] Enforcement cycle: MDR-001, MDR-002, MDR-003 active
[2025-09-26T10:44:17.187Z] Enforcement cycle completed - system compliant
[2025-09-26T10:44:27.188Z] Enforcement cycle: MDR-001, MDR-002, MDR-003 active
[2025-09-26T10:44:27.188Z] Enforcement cycle completed - system compliant
[2025-09-26T10:44:37.190Z] Enforcement cycle: MDR-001, MDR-002, MDR-003 active
[2025-09-26T10:44:37.191Z] Enforcement cycle completed - system compliant
[2025-09-26T10:44:47.140Z] Enforcement cycle: MDR-001, MDR-002, MDR-003 active
[2025-09-26T10:44:47.141Z] Enforcement cycle completed - system compliant
[2025-09-26T10:44:57.142Z] Enforcement cycle: MDR-001, MDR-002, MDR-003 active
[2025-09-26T10:44:57.143Z] Enforcement cycle completed - system compliant
[2025-09-26T10:45:07.146Z] Enforcement cycle: MDR-001, MDR-002, MDR-003 active
[2025-09-26T10:45:07.147Z] Enforcement cycle completed - system compliant
[2025-09-26T10:45:17.147Z] Enforcement cycle: MDR-001, MDR-002, MDR-003 active
[2025-09-26T10:45:17.148Z] Enforcement cycle completed - system compliant
[2025-09-26T10:45:27.150Z] Enforcement cycle: MDR-001, MDR-002, MDR-003 active
[2025-09-26T10:45:27.151Z] Enforcement cycle completed - system compliant
[2025-09-26T10:45:37.152Z] Enforcement cycle: MDR-001, MDR-002, MDR-003 active
[2025-09-26T10:45:37.153Z] Enforcement cycle completed - system compliant
[2025-09-26T10:45:47.155Z] Enforcement cycle: MDR-001, MDR-002, MDR-003 active
[2025-09-26T10:45:47.156Z] Enforcement cycle completed - system compliant
[2025-09-26T10:45:57.157Z] Enforcement cycle: MDR-001, MDR-002, MDR-003 active
[2025-09-26T10:45:57.158Z] Enforcement cycle completed - system compliant
[2025-09-26T10:46:07.159Z] Enforcement cycle: MDR-001, MDR-002, MDR-003 active
[2025-09-26T10:46:07.160Z] Enforcement cycle completed - system compliant
[2025-09-26T10:46:17.161Z] Enforcement cycle: MDR-001, MDR-002, MDR-003 active
[2025-09-26T10:46:17.164Z] Enforcement cycle completed - system compliant
[2025-09-26T10:46:27.163Z] Enforcement cycle: MDR-001, MDR-002, MDR-003 active
[2025-09-26T10:46:27.164Z] Enforcement cycle completed - system compliant
[2025-09-26T10:46:37.166Z] Enforcement cycle: MDR-001, MDR-002, MDR-003 active
[2025-09-26T10:46:37.167Z] Enforcement cycle completed - system compliant
[2025-09-26T10:46:47.169Z] Enforcement cycle: MDR-001, MDR-002, MDR-003 active
[2025-09-26T10:46:47.169Z] Enforcement cycle completed - system compliant
[2025-09-26T10:46:57.171Z] Enforcement cycle: MDR-001, MDR-002, MDR-003 active
[2025-09-26T10:46:57.178Z] Enforcement cycle completed - system compliant
[2025-09-26T10:47:07.174Z] Enforcement cycle: MDR-001, MDR-002, MDR-003 active
[2025-09-26T10:47:07.174Z] Enforcement cycle completed - system compliant
[2025-09-26T10:47:17.176Z] Enforcement cycle: MDR-001, MDR-002, MDR-003 active
[2025-09-26T10:47:17.176Z] Enforcement cycle completed - system compliant
[2025-09-26T10:47:27.178Z] Enforcement cycle: MDR-001, MDR-002, MDR-003 active
[2025-09-26T10:47:27.178Z] Enforcement cycle completed - system compliant
[2025-09-26T10:47:37.181Z] Enforcement cycle: MDR-001, MDR-002, MDR-003 active
[2025-09-26T10:47:37.182Z] Enforcement cycle completed - system compliant
[2025-09-26T10:47:47.184Z] Enforcement cycle: MDR-001, MDR-002, MDR-003 active
[2025-09-26T10:47:47.184Z] Enforcement cycle completed - system compliant
[2025-09-26T10:47:57.186Z] Enforcement cycle: MDR-001, MDR-002, MDR-003 active
[2025-09-26T10:47:57.186Z] Enforcement cycle completed - system compliant
[2025-09-26T10:48:07.186Z] Enforcement cycle: MDR-001, MDR-002, MDR-003 active
[2025-09-26T10:48:07.187Z] Enforcement cycle completed - system compliant
[2025-09-26T10:48:17.188Z] Enforcement cycle: MDR-001, MDR-002, MDR-003 active
[2025-09-26T10:48:17.189Z] Enforcement cycle completed - system compliant
[2025-09-26T10:48:27.188Z] Enforcement cycle: MDR-001, MDR-002, MDR-003 active
[2025-09-26T10:48:27.189Z] Enforcement cycle completed - system compliant
[2025-09-26T10:48:37.193Z] Enforcement cycle: MDR-001, MDR-002, MDR-003 active
[2025-09-26T10:48:37.194Z] Enforcement cycle completed - system compliant
[2025-09-26T10:48:47.195Z] Enforcement cycle: MDR-001, MDR-002, MDR-003 active
[2025-09-26T10:48:47.196Z] Enforcement cycle completed - system compliant
[2025-09-26T10:48:57.197Z] Enforcement cycle: MDR-001, MDR-002, MDR-003 active
[2025-09-26T10:48:57.198Z] Enforcement cycle completed - system compliant
[2025-09-26T10:49:07.198Z] Enforcement cycle: MDR-001, MDR-002, MDR-003 active
[2025-09-26T10:49:07.198Z] Enforcement cycle completed - system compliant
[2025-09-26T10:49:17.200Z] Enforcement cycle: MDR-001, MDR-002, MDR-003 active
[2025-09-26T10:49:17.201Z] Enforcement cycle completed - system compliant
[2025-09-26T10:49:27.201Z] Enforcement cycle: MDR-001, MDR-002, MDR-003 active
[2025-09-26T10:49:27.202Z] Enforcement cycle completed - system compliant
[2025-09-26T10:49:37.203Z] Enforcement cycle: MDR-001, MDR-002, MDR-003 active
[2025-09-26T10:49:37.204Z] Enforcement cycle completed - system compliant
[2025-09-26T10:49:47.205Z] Enforcement cycle: MDR-001, MDR-002, MDR-003 active
[2025-09-26T10:49:47.205Z] Enforcement cycle completed - system compliant
[2025-09-26T10:49:57.207Z] Enforcement cycle: MDR-001, MDR-002, MDR-003 active
[2025-09-26T10:49:57.207Z] Enforcement cycle completed - system compliant
[2025-09-26T10:50:07.209Z] Enforcement cycle: MDR-001, MDR-002, MDR-003 active
[2025-09-26T10:50:07.210Z] Enforcement cycle completed - system compliant
[2025-09-26T10:50:17.209Z] Enforcement cycle: MDR-001, MDR-002, MDR-003 active
[2025-09-26T10:50:17.213Z] Enforcement cycle completed - system compliant
[2025-09-26T10:50:27.211Z] Enforcement cycle: MDR-001, MDR-002, MDR-003 active
[2025-09-26T10:50:27.212Z] Enforcement cycle completed - system compliant
[2025-09-26T10:50:37.214Z] Enforcement cycle: MDR-001, MDR-002, MDR-003 active
[2025-09-26T10:50:37.215Z] Enforcement cycle completed - system compliant
[2025-09-26T10:50:47.216Z] Enforcement cycle: MDR-001, MDR-002, MDR-003 active
[2025-09-26T10:50:47.217Z] Enforcement cycle completed - system compliant
[2025-09-26T10:50:57.218Z] Enforcement cycle: MDR-001, MDR-002, MDR-003 active
[2025-09-26T10:50:57.219Z] Enforcement cycle completed - system compliant
[2025-09-26T10:51:07.219Z] Enforcement cycle: MDR-001, MDR-002, MDR-003 active
[2025-09-26T10:51:07.220Z] Enforcement cycle completed - system compliant
[2025-09-26T10:51:17.221Z] Enforcement cycle: MDR-001, MDR-002, MDR-003 active
[2025-09-26T10:51:17.222Z] Enforcement cycle completed - system compliant
[2025-09-26T10:51:27.223Z] Enforcement cycle: MDR-001, MDR-002, MDR-003 active
[2025-09-26T10:51:27.223Z] Enforcement cycle completed - system compliant
[2025-09-26T10:51:37.224Z] Enforcement cycle: MDR-001, MDR-002, MDR-003 active
[2025-09-26T10:51:37.224Z] Enforcement cycle completed - system compliant
[2025-09-26T10:51:47.226Z] Enforcement cycle: MDR-001, MDR-002, MDR-003 active
[2025-09-26T10:51:47.227Z] Enforcement cycle completed - system compliant
[2025-09-26T10:51:57.228Z] Enforcement cycle: MDR-001, MDR-002, MDR-003 active
[2025-09-26T10:51:57.229Z] Enforcement cycle completed - system compliant
[2025-09-26T10:52:07.231Z] Enforcement cycle: MDR-001, MDR-002, MDR-003 active
[2025-09-26T10:52:07.232Z] Enforcement cycle completed - system compliant
[2025-09-26T10:52:17.232Z] Enforcement cycle: MDR-001, MDR-002, MDR-003 active
[2025-09-26T10:52:17.236Z] Enforcement cycle completed - system compliant
[2025-09-26T10:52:27.234Z] Enforcement cycle: MDR-001, MDR-002, MDR-003 active
[2025-09-26T10:52:27.235Z] Enforcement cycle completed - system compliant
[2025-09-26T10:52:37.236Z] Enforcement cycle: MDR-001, MDR-002, MDR-003 active
[2025-09-26T10:52:37.239Z] Enforcement cycle completed - system compliant
[2025-09-26T10:52:47.239Z] Enforcement cycle: MDR-001, MDR-002, MDR-003 active
[2025-09-26T10:52:47.239Z] Enforcement cycle completed - system compliant
[2025-09-26T10:52:57.240Z] Enforcement cycle: MDR-001, MDR-002, MDR-003 active
[2025-09-26T10:52:57.244Z] Enforcement cycle completed - system compliant
[2025-09-26T10:53:07.243Z] Enforcement cycle: MDR-001, MDR-002, MDR-003 active
[2025-09-26T10:53:07.244Z] Enforcement cycle completed - system compliant
[2025-09-26T10:53:17.245Z] Enforcement cycle: MDR-001, MDR-002, MDR-003 active
[2025-09-26T10:53:17.245Z] Enforcement cycle completed - system compliant
[2025-09-26T10:53:27.246Z] Enforcement cycle: MDR-001, MDR-002, MDR-003 active
[2025-09-26T10:53:27.246Z] Enforcement cycle completed - system compliant
[2025-09-26T10:53:37.248Z] Enforcement cycle: MDR-001, MDR-002, MDR-003 active
[2025-09-26T10:53:37.248Z] Enforcement cycle completed - system compliant
[2025-09-26T10:53:47.249Z] Enforcement cycle: MDR-001, MDR-002, MDR-003 active
[2025-09-26T10:53:47.249Z] Enforcement cycle completed - system compliant
[2025-09-26T10:53:57.251Z] Enforcement cycle: MDR-001, MDR-002, MDR-003 active
[2025-09-26T10:53:57.252Z] Enforcement cycle completed - system compliant
[2025-09-26T10:54:07.253Z] Enforcement cycle: MDR-001, MDR-002, MDR-003 active
[2025-09-26T10:54:07.254Z] Enforcement cycle completed - system compliant
[2025-09-26T10:54:17.255Z] Enforcement cycle: MDR-001, MDR-002, MDR-003 active
[2025-09-26T10:54:17.257Z] Enforcement cycle completed - system compliant
[2025-09-26T10:54:27.257Z] Enforcement cycle: MDR-001, MDR-002, MDR-003 active
[2025-09-26T10:54:27.263Z] Enforcement cycle completed - system compliant
[2025-09-26T10:54:37.259Z] Enforcement cycle: MDR-001, MDR-002, MDR-003 active
[2025-09-26T10:54:37.259Z] Enforcement cycle completed - system compliant
[2025-09-26T10:54:47.259Z] Enforcement cycle: MDR-001, MDR-002, MDR-003 active
[2025-09-26T10:54:47.260Z] Enforcement cycle completed - system compliant
[2025-09-26T10:54:57.261Z] Enforcement cycle: MDR-001, MDR-002, MDR-003 active
[2025-09-26T10:54:57.262Z] Enforcement cycle completed - system compliant
[2025-09-26T10:55:07.265Z] Enforcement cycle: MDR-001, MDR-002, MDR-003 active
[2025-09-26T10:55:07.265Z] Enforcement cycle completed - system compliant
[2025-09-26T10:55:17.271Z] Enforcement cycle: MDR-001, MDR-002, MDR-003 active
[2025-09-26T10:55:17.272Z] Enforcement cycle completed - system compliant
[2025-09-26T10:55:27.274Z] Enforcement cycle: MDR-001, MDR-002, MDR-003 active
[2025-09-26T10:55:27.275Z] Enforcement cycle completed - system compliant
[2025-09-26T10:55:37.276Z] Enforcement cycle: MDR-001, MDR-002, MDR-003 active
[2025-09-26T10:55:37.277Z] Enforcement cycle completed - system compliant
[2025-09-26T10:55:47.278Z] Enforcement cycle: MDR-001, MDR-002, MDR-003 active
[2025-09-26T10:55:47.279Z] Enforcement cycle completed - system compliant
[2025-09-26T10:55:57.277Z] Enforcement cycle: MDR-001, MDR-002, MDR-003 active
[2025-09-26T10:55:57.278Z] Enforcement cycle completed - system compliant
[2025-09-26T10:56:07.278Z] Enforcement cycle: MDR-001, MDR-002, MDR-003 active
[2025-09-26T10:56:07.278Z] Enforcement cycle completed - system compliant
[2025-09-26T10:56:17.278Z] Enforcement cycle: MDR-001, MDR-002, MDR-003 active
[2025-09-26T10:56:17.279Z] Enforcement cycle completed - system compliant
[2025-09-26T10:56:27.281Z] Enforcement cycle: MDR-001, MDR-002, MDR-003 active
[2025-09-26T10:56:27.281Z] Enforcement cycle completed - system compliant
[2025-09-26T10:56:37.283Z] Enforcement cycle: MDR-001, MDR-002, MDR-003 active
[2025-09-26T10:56:37.283Z] Enforcement cycle completed - system compliant
[2025-09-26T10:56:47.285Z] Enforcement cycle: MDR-001, MDR-002, MDR-003 active
[2025-09-26T10:56:47.286Z] Enforcement cycle completed - system compliant
[2025-09-26T10:56:57.287Z] Enforcement cycle: MDR-001, MDR-002, MDR-003 active
[2025-09-26T10:56:57.288Z] Enforcement cycle completed - system compliant
[2025-09-26T10:57:07.289Z] Enforcement cycle: MDR-001, MDR-002, MDR-003 active
[2025-09-26T10:57:07.290Z] Enforcement cycle completed - system compliant
[2025-09-26T10:57:17.291Z] Enforcement cycle: MDR-001, MDR-002, MDR-003 active
[2025-09-26T10:57:17.291Z] Enforcement cycle completed - system compliant
[2025-09-26T10:57:27.291Z] Enforcement cycle: MDR-001, MDR-002, MDR-003 active
[2025-09-26T10:57:27.291Z] Enforcement cycle completed - system compliant
[2025-09-26T10:57:37.291Z] Enforcement cycle: MDR-001, MDR-002, MDR-003 active
[2025-09-26T10:57:37.292Z] Enforcement cycle completed - system compliant
[2025-09-26T10:57:47.292Z] Enforcement cycle: MDR-001, MDR-002, MDR-003 active
[2025-09-26T10:57:47.293Z] Enforcement cycle completed - system compliant
[2025-09-26T10:57:57.294Z] Enforcement cycle: MDR-001, MDR-002, MDR-003 active
[2025-09-26T10:57:57.294Z] Enforcement cycle completed - system compliant
[2025-09-26T10:58:07.296Z] Enforcement cycle: MDR-001, MDR-002, MDR-003 active
[2025-09-26T10:58:07.296Z] Enforcement cycle completed - system compliant
[2025-09-26T10:58:17.297Z] Enforcement cycle: MDR-001, MDR-002, MDR-003 active
[2025-09-26T10:58:17.298Z] Enforcement cycle completed - system compliant
[2025-09-26T10:58:27.305Z] Enforcement cycle: MDR-001, MDR-002, MDR-003 active
[2025-09-26T10:58:27.306Z] Enforcement cycle completed - system compliant
[2025-09-26T10:58:37.308Z] Enforcement cycle: MDR-001, MDR-002, MDR-003 active
[2025-09-26T10:58:37.309Z] Enforcement cycle completed - system compliant
[2025-09-26T10:58:47.311Z] Enforcement cycle: MDR-001, MDR-002, MDR-003 active
[2025-09-26T10:58:47.312Z] Enforcement cycle completed - system compliant
[2025-09-26T10:58:57.311Z] Enforcement cycle: MDR-001, MDR-002, MDR-003 active
[2025-09-26T10:58:57.312Z] Enforcement cycle completed - system compliant
[2025-09-26T10:59:07.314Z] Enforcement cycle: MDR-001, MDR-002, MDR-003 active
[2025-09-26T10:59:07.315Z] Enforcement cycle completed - system compliant
[2025-09-26T10:59:17.315Z] Enforcement cycle: MDR-001, MDR-002, MDR-003 active
[2025-09-26T10:59:17.315Z] Enforcement cycle completed - system compliant
[2025-09-26T10:59:27.317Z] Enforcement cycle: MDR-001, MDR-002, MDR-003 active
[2025-09-26T10:59:27.317Z] Enforcement cycle completed - system compliant
[2025-09-26T10:59:37.319Z] Enforcement cycle: MDR-001, MDR-002, MDR-003 active
[2025-09-26T10:59:37.319Z] Enforcement cycle completed - system compliant
[2025-09-26T10:59:47.320Z] Enforcement cycle: MDR-001, MDR-002, MDR-003 active
[2025-09-26T10:59:47.321Z] Enforcement cycle completed - system compliant
[2025-09-26T10:59:57.322Z] Enforcement cycle: MDR-001, MDR-002, MDR-003 active
[2025-09-26T10:59:57.323Z] Enforcement cycle completed - system compliant
[2025-09-26T11:00:07.327Z] Enforcement cycle: MDR-001, MDR-002, MDR-003 active
[2025-09-26T11:00:07.327Z] Enforcement cycle completed - system compliant
[2025-09-26T11:00:17.330Z] Enforcement cycle: MDR-001, MDR-002, MDR-003 active
[2025-09-26T11:00:17.330Z] Enforcement cycle completed - system compliant
[2025-09-26T11:00:27.334Z] Enforcement cycle: MDR-001, MDR-002, MDR-003 active
[2025-09-26T11:00:27.334Z] Enforcement cycle completed - system compliant
[2025-09-26T11:00:37.337Z] Enforcement cycle: MDR-001, MDR-002, MDR-003 active
[2025-09-26T11:00:37.337Z] Enforcement cycle completed - system compliant
[2025-09-26T11:00:47.339Z] Enforcement cycle: MDR-001, MDR-002, MDR-003 active
[2025-09-26T11:00:47.340Z] Enforcement cycle completed - system compliant
[2025-09-26T11:00:57.342Z] Enforcement cycle: MDR-001, MDR-002, MDR-003 active
[2025-09-26T11:00:57.343Z] Enforcement cycle completed - system compliant
[2025-09-26T11:01:07.344Z] Enforcement cycle: MDR-001, MDR-002, MDR-003 active
[2025-09-26T11:01:07.344Z] Enforcement cycle completed - system compliant
[2025-09-26T11:01:17.344Z] Enforcement cycle: MDR-001, MDR-002, MDR-003 active
[2025-09-26T11:01:17.344Z] Enforcement cycle completed - system compliant
[2025-09-26T11:01:27.347Z] Enforcement cycle: MDR-001, MDR-002, MDR-003 active
[2025-09-26T11:01:27.348Z] Enforcement cycle completed - system compliant
[2025-09-26T11:01:37.350Z] Enforcement cycle: MDR-001, MDR-002, MDR-003 active
[2025-09-26T11:01:37.351Z] Enforcement cycle completed - system compliant
[2025-09-26T11:01:47.352Z] Enforcement cycle: MDR-001, MDR-002, MDR-003 active
[2025-09-26T11:01:47.353Z] Enforcement cycle completed - system compliant
[2025-09-26T11:01:57.354Z] Enforcement cycle: MDR-001, MDR-002, MDR-003 active
[2025-09-26T11:01:57.355Z] Enforcement cycle completed - system compliant
[2025-09-26T11:02:07.356Z] Enforcement cycle: MDR-001, MDR-002, MDR-003 active
[2025-09-26T11:02:07.357Z] Enforcement cycle completed - system compliant
[2025-09-26T11:02:17.357Z] Enforcement cycle: MDR-001, MDR-002, MDR-003 active
[2025-09-26T11:02:17.357Z] Enforcement cycle completed - system compliant
[2025-09-26T11:02:27.360Z] Enforcement cycle: MDR-001, MDR-002, MDR-003 active
[2025-09-26T11:02:27.361Z] Enforcement cycle completed - system compliant
[2025-09-26T11:02:37.361Z] Enforcement cycle: MDR-001, MDR-002, MDR-003 active
[2025-09-26T11:02:37.361Z] Enforcement cycle completed - system compliant
[2025-09-26T11:02:47.363Z] Enforcement cycle: MDR-001, MDR-002, MDR-003 active
[2025-09-26T11:02:47.364Z] Enforcement cycle completed - system compliant
[2025-09-26T11:02:57.365Z] Enforcement cycle: MDR-001, MDR-002, MDR-003 active
[2025-09-26T11:02:57.368Z] Enforcement cycle completed - system compliant
[2025-09-26T11:03:07.366Z] Enforcement cycle: MDR-001, MDR-002, MDR-003 active
[2025-09-26T11:03:07.366Z] Enforcement cycle completed - system compliant
[2025-09-26T11:03:17.368Z] Enforcement cycle: MDR-001, MDR-002, MDR-003 active
[2025-09-26T11:03:17.369Z] Enforcement cycle completed - system compliant
[2025-09-26T11:03:27.370Z] Enforcement cycle: MDR-001, MDR-002, MDR-003 active
[2025-09-26T11:03:27.370Z] Enforcement cycle completed - system compliant
[2025-09-26T11:03:37.372Z] Enforcement cycle: MDR-001, MDR-002, MDR-003 active
[2025-09-26T11:03:37.373Z] Enforcement cycle completed - system compliant
[2025-09-26T11:03:47.374Z] Enforcement cycle: MDR-001, MDR-002, MDR-003 active
[2025-09-26T11:03:47.374Z] Enforcement cycle completed - system compliant
[2025-09-26T11:03:57.377Z] Enforcement cycle: MDR-001, MDR-002, MDR-003 active
[2025-09-26T11:03:57.377Z] Enforcement cycle completed - system compliant
[2025-09-26T11:04:07.378Z] Enforcement cycle: MDR-001, MDR-002, MDR-003 active
[2025-09-26T11:04:07.378Z] Enforcement cycle completed - system compliant
[2025-09-26T11:04:17.380Z] Enforcement cycle: MDR-001, MDR-002, MDR-003 active
[2025-09-26T11:04:17.380Z] Enforcement cycle completed - system compliant
[2025-09-26T11:04:27.382Z] Enforcement cycle: MDR-001, MDR-002, MDR-003 active
[2025-09-26T11:04:27.383Z] Enforcement cycle completed - system compliant
[2025-09-26T11:04:37.384Z] Enforcement cycle: MDR-001, MDR-002, MDR-003 active
[2025-09-26T11:04:37.385Z] Enforcement cycle completed - system compliant
[2025-09-26T11:04:47.387Z] Enforcement cycle: MDR-001, MDR-002, MDR-003 active
[2025-09-26T11:04:47.387Z] Enforcement cycle completed - system compliant
[2025-09-26T11:04:57.391Z] Enforcement cycle: MDR-001, MDR-002, MDR-003 active
[2025-09-26T11:04:57.392Z] Enforcement cycle completed - system compliant
[2025-09-26T11:05:07.392Z] Enforcement cycle: MDR-001, MDR-002, MDR-003 active
[2025-09-26T11:05:07.392Z] Enforcement cycle completed - system compliant
[2025-09-26T11:05:17.394Z] Enforcement cycle: MDR-001, MDR-002, MDR-003 active
[2025-09-26T11:05:17.395Z] Enforcement cycle completed - system compliant
[2025-09-26T11:05:27.394Z] Enforcement cycle: MDR-001, MDR-002, MDR-003 active
[2025-09-26T11:05:27.394Z] Enforcement cycle completed - system compliant
[2025-09-26T11:05:37.395Z] Enforcement cycle: MDR-001, MDR-002, MDR-003 active
[2025-09-26T11:05:37.396Z] Enforcement cycle completed - system compliant
[2025-09-26T11:05:47.395Z] Enforcement cycle: MDR-001, MDR-002, MDR-003 active
[2025-09-26T11:05:47.396Z] Enforcement cycle completed - system compliant
[2025-09-26T11:05:57.397Z] Enforcement cycle: MDR-001, MDR-002, MDR-003 active
[2025-09-26T11:05:57.398Z] Enforcement cycle completed - system compliant
[2025-09-26T11:06:07.399Z] Enforcement cycle: MDR-001, MDR-002, MDR-003 active
[2025-09-26T11:06:07.399Z] Enforcement cycle completed - system compliant
[2025-09-26T11:06:17.400Z] Enforcement cycle: MDR-001, MDR-002, MDR-003 active
[2025-09-26T11:06:17.400Z] Enforcement cycle completed - system compliant
[2025-09-26T11:06:27.400Z] Enforcement cycle: MDR-001, MDR-002, MDR-003 active
[2025-09-26T11:06:27.400Z] Enforcement cycle completed - system compliant
[2025-09-26T11:06:37.402Z] Enforcement cycle: MDR-001, MDR-002, MDR-003 active
[2025-09-26T11:06:37.403Z] Enforcement cycle completed - system compliant
[2025-09-26T11:06:47.403Z] Enforcement cycle: MDR-001, MDR-002, MDR-003 active
[2025-09-26T11:06:47.404Z] Enforcement cycle completed - system compliant
[2025-09-26T11:06:57.405Z] Enforcement cycle: MDR-001, MDR-002, MDR-003 active
[2025-09-26T11:06:57.405Z] Enforcement cycle completed - system compliant
[2025-09-26T11:07:07.407Z] Enforcement cycle: MDR-001, MDR-002, MDR-003 active
[2025-09-26T11:07:07.408Z] Enforcement cycle completed - system compliant
[2025-09-26T11:07:17.408Z] Enforcement cycle: MDR-001, MDR-002, MDR-003 active
[2025-09-26T11:07:17.409Z] Enforcement cycle completed - system compliant
[2025-09-26T11:07:27.411Z] Enforcement cycle: MDR-001, MDR-002, MDR-003 active
[2025-09-26T11:07:27.411Z] Enforcement cycle completed - system compliant
[2025-09-26T11:07:37.412Z] Enforcement cycle: MDR-001, MDR-002, MDR-003 active
[2025-09-26T11:07:37.413Z] Enforcement cycle completed - system compliant
[2025-09-26T11:07:47.415Z] Enforcement cycle: MDR-001, MDR-002, MDR-003 active
[2025-09-26T11:07:47.416Z] Enforcement cycle completed - system compliant
[2025-09-26T11:07:57.417Z] Enforcement cycle: MDR-001, MDR-002, MDR-003 active
[2025-09-26T11:07:57.419Z] Enforcement cycle completed - system compliant
[2025-09-26T11:08:07.419Z] Enforcement cycle: MDR-001, MDR-002, MDR-003 active
[2025-09-26T11:08:07.420Z] Enforcement cycle completed - system compliant
[2025-09-26T11:08:17.421Z] Enforcement cycle: MDR-001, MDR-002, MDR-003 active
[2025-09-26T11:08:17.422Z] Enforcement cycle completed - system compliant
[2025-09-26T11:08:27.422Z] Enforcement cycle: MDR-001, MDR-002, MDR-003 active
[2025-09-26T11:08:27.423Z] Enforcement cycle completed - system compliant
[2025-09-26T11:08:37.425Z] Enforcement cycle: MDR-001, MDR-002, MDR-003 active
[2025-09-26T11:08:37.426Z] Enforcement cycle completed - system compliant
[2025-09-26T11:08:47.428Z] Enforcement cycle: MDR-001, MDR-002, MDR-003 active
[2025-09-26T11:08:47.429Z] Enforcement cycle completed - system compliant
[2025-09-26T11:08:57.431Z] Enforcement cycle: MDR-001, MDR-002, MDR-003 active
[2025-09-26T11:08:57.432Z] Enforcement cycle completed - system compliant
[2025-09-26T11:09:07.434Z] Enforcement cycle: MDR-001, MDR-002, MDR-003 active
[2025-09-26T11:09:07.435Z] Enforcement cycle completed - system compliant
[2025-09-26T11:09:17.435Z] Enforcement cycle: MDR-001, MDR-002, MDR-003 active
[2025-09-26T11:09:17.436Z] Enforcement cycle completed - system compliant
[2025-09-26T11:09:27.436Z] Enforcement cycle: MDR-001, MDR-002, MDR-003 active
[2025-09-26T11:09:27.437Z] Enforcement cycle completed - system compliant
[2025-09-26T11:09:37.438Z] Enforcement cycle: MDR-001, MDR-002, MDR-003 active
[2025-09-26T11:09:37.439Z] Enforcement cycle completed - system compliant
[2025-09-26T11:09:47.440Z] Enforcement cycle: MDR-001, MDR-002, MDR-003 active
[2025-09-26T11:09:47.441Z] Enforcement cycle completed - system compliant
[2025-09-26T11:09:57.442Z] Enforcement cycle: MDR-001, MDR-002, MDR-003 active
[2025-09-26T11:09:57.443Z] Enforcement cycle completed - system compliant
[2025-09-26T11:10:07.443Z] Enforcement cycle: MDR-001, MDR-002, MDR-003 active
[2025-09-26T11:10:07.443Z] Enforcement cycle completed - system compliant
[2025-09-26T11:10:17.445Z] Enforcement cycle: MDR-001, MDR-002, MDR-003 active
[2025-09-26T11:10:17.446Z] Enforcement cycle completed - system compliant
[2025-09-26T11:10:27.448Z] Enforcement cycle: MDR-001, MDR-002, MDR-003 active
[2025-09-26T11:10:27.449Z] Enforcement cycle completed - system compliant
[2025-09-26T11:10:37.451Z] Enforcement cycle: MDR-001, MDR-002, MDR-003 active
[2025-09-26T11:10:37.451Z] Enforcement cycle completed - system compliant
[2025-09-26T11:10:47.453Z] Enforcement cycle: MDR-001, MDR-002, MDR-003 active
[2025-09-26T11:10:47.453Z] Enforcement cycle completed - system compliant
[2025-09-26T11:10:57.455Z] Enforcement cycle: MDR-001, MDR-002, MDR-003 active
[2025-09-26T11:10:57.455Z] Enforcement cycle completed - system compliant
[2025-09-26T11:11:07.457Z] Enforcement cycle: MDR-001, MDR-002, MDR-003 active
[2025-09-26T11:11:07.461Z] Enforcement cycle completed - system compliant
[2025-09-26T11:11:17.457Z] Enforcement cycle: MDR-001, MDR-002, MDR-003 active
[2025-09-26T11:11:17.458Z] Enforcement cycle completed - system compliant
[2025-09-26T11:11:27.460Z] Enforcement cycle: MDR-001, MDR-002, MDR-003 active
[2025-09-26T11:11:27.460Z] Enforcement cycle completed - system compliant
[2025-09-26T11:11:37.462Z] Enforcement cycle: MDR-001, MDR-002, MDR-003 active
[2025-09-26T11:11:37.462Z] Enforcement cycle completed - system compliant
[2025-09-26T11:11:47.463Z] Enforcement cycle: MDR-001, MDR-002, MDR-003 active
[2025-09-26T11:11:47.463Z] Enforcement cycle completed - system compliant
[2025-09-26T11:11:57.466Z] Enforcement cycle: MDR-001, MDR-002, MDR-003 active
[2025-09-26T11:11:57.466Z] Enforcement cycle completed - system compliant
[2025-09-26T11:12:07.467Z] Enforcement cycle: MDR-001, MDR-002, MDR-003 active
[2025-09-26T11:12:07.467Z] Enforcement cycle completed - system compliant
[2025-09-26T11:12:17.469Z] Enforcement cycle: MDR-001, MDR-002, MDR-003 active
[2025-09-26T11:12:17.469Z] Enforcement cycle completed - system compliant
[2025-09-26T11:12:27.470Z] Enforcement cycle: MDR-001, MDR-002, MDR-003 active
[2025-09-26T11:12:27.471Z] Enforcement cycle completed - system compliant
[2025-09-26T11:12:37.472Z] Enforcement cycle: MDR-001, MDR-002, MDR-003 active
[2025-09-26T11:12:37.473Z] Enforcement cycle completed - system compliant
[2025-09-26T11:12:47.475Z] Enforcement cycle: MDR-001, MDR-002, MDR-003 active
[2025-09-26T11:12:47.475Z] Enforcement cycle completed - system compliant
[2025-09-26T11:12:57.476Z] Enforcement cycle: MDR-001, MDR-002, MDR-003 active
[2025-09-26T11:12:57.477Z] Enforcement cycle completed - system compliant
[2025-09-26T11:13:07.478Z] Enforcement cycle: MDR-001, MDR-002, MDR-003 active
[2025-09-26T11:13:07.478Z] Enforcement cycle completed - system compliant
[2025-09-26T11:13:17.480Z] Enforcement cycle: MDR-001, MDR-002, MDR-003 active
[2025-09-26T11:13:17.480Z] Enforcement cycle completed - system compliant
[2025-09-26T11:13:27.483Z] Enforcement cycle: MDR-001, MDR-002, MDR-003 active
[2025-09-26T11:13:27.483Z] Enforcement cycle completed - system compliant
[2025-09-26T11:13:37.483Z] Enforcement cycle: MDR-001, MDR-002, MDR-003 active
[2025-09-26T11:13:37.484Z] Enforcement cycle completed - system compliant
[2025-09-26T11:13:47.484Z] Enforcement cycle: MDR-001, MDR-002, MDR-003 active
[2025-09-26T11:13:47.484Z] Enforcement cycle completed - system compliant
[2025-09-26T11:13:57.487Z] Enforcement cycle: MDR-001, MDR-002, MDR-003 active
[2025-09-26T11:13:57.488Z] Enforcement cycle completed - system compliant
[2025-09-26T11:14:07.489Z] Enforcement cycle: MDR-001, MDR-002, MDR-003 active
[2025-09-26T11:14:07.490Z] Enforcement cycle completed - system compliant
[2025-09-26T11:14:17.491Z] Enforcement cycle: MDR-001, MDR-002, MDR-003 active
[2025-09-26T11:14:17.492Z] Enforcement cycle completed - system compliant
[2025-09-26T11:14:27.492Z] Enforcement cycle: MDR-001, MDR-002, MDR-003 active
[2025-09-26T11:14:27.493Z] Enforcement cycle completed - system compliant
[2025-09-26T11:14:37.494Z] Enforcement cycle: MDR-001, MDR-002, MDR-003 active
[2025-09-26T11:14:37.495Z] Enforcement cycle completed - system compliant
[2025-09-26T11:14:47.495Z] Enforcement cycle: MDR-001, MDR-002, MDR-003 active
[2025-09-26T11:14:47.495Z] Enforcement cycle completed - system compliant
[2025-09-26T11:14:57.497Z] Enforcement cycle: MDR-001, MDR-002, MDR-003 active
[2025-09-26T11:14:57.501Z] Enforcement cycle completed - system compliant
[2025-09-26T11:15:07.500Z] Enforcement cycle: MDR-001, MDR-002, MDR-003 active
[2025-09-26T11:15:07.500Z] Enforcement cycle completed - system compliant
[2025-09-26T11:15:17.502Z] Enforcement cycle: MDR-001, MDR-002, MDR-003 active
[2025-09-26T11:15:17.503Z] Enforcement cycle completed - system compliant
[2025-09-26T11:15:27.504Z] Enforcement cycle: MDR-001, MDR-002, MDR-003 active
[2025-09-26T11:15:27.505Z] Enforcement cycle completed - system compliant
[2025-09-26T11:15:37.505Z] Enforcement cycle: MDR-001, MDR-002, MDR-003 active
[2025-09-26T11:15:37.506Z] Enforcement cycle completed - system compliant
[2025-09-26T11:15:47.507Z] Enforcement cycle: MDR-001, MDR-002, MDR-003 active
[2025-09-26T11:15:47.507Z] Enforcement cycle completed - system compliant
[2025-09-26T11:15:57.511Z] Enforcement cycle: MDR-001, MDR-002, MDR-003 active
[2025-09-26T11:15:57.511Z] Enforcement cycle completed - system compliant
[2025-09-26T11:16:07.514Z] Enforcement cycle: MDR-001, MDR-002, MDR-003 active
[2025-09-26T11:16:07.514Z] Enforcement cycle completed - system compliant
[2025-09-26T11:16:17.516Z] Enforcement cycle: MDR-001, MDR-002, MDR-003 active
[2025-09-26T11:16:17.517Z] Enforcement cycle completed - system compliant
[2025-09-26T11:16:27.518Z] Enforcement cycle: MDR-001, MDR-002, MDR-003 active
[2025-09-26T11:16:27.518Z] Enforcement cycle completed - system compliant
[2025-09-26T11:16:37.519Z] Enforcement cycle: MDR-001, MDR-002, MDR-003 active
[2025-09-26T11:16:37.520Z] Enforcement cycle completed - system compliant
[2025-09-26T11:16:47.522Z] Enforcement cycle: MDR-001, MDR-002, MDR-003 active
[2025-09-26T11:16:47.522Z] Enforcement cycle completed - system compliant
[2025-09-26T11:16:57.525Z] Enforcement cycle: MDR-001, MDR-002, MDR-003 active
[2025-09-26T11:16:57.525Z] Enforcement cycle completed - system compliant
[2025-09-26T11:17:07.525Z] Enforcement cycle: MDR-001, MDR-002, MDR-003 active
[2025-09-26T11:17:07.526Z] Enforcement cycle completed - system compliant
[2025-09-26T11:17:17.526Z] Enforcement cycle: MDR-001, MDR-002, MDR-003 active
[2025-09-26T11:17:17.527Z] Enforcement cycle completed - system compliant
[2025-09-26T11:17:27.527Z] Enforcement cycle: MDR-001, MDR-002, MDR-003 active
[2025-09-26T11:17:27.527Z] Enforcement cycle completed - system compliant
[2025-09-26T11:17:37.529Z] Enforcement cycle: MDR-001, MDR-002, MDR-003 active
[2025-09-26T11:17:37.529Z] Enforcement cycle completed - system compliant
[2025-09-26T11:17:47.531Z] Enforcement cycle: MDR-001, MDR-002, MDR-003 active
[2025-09-26T11:17:47.532Z] Enforcement cycle completed - system compliant
[2025-09-26T11:17:57.533Z] Enforcement cycle: MDR-001, MDR-002, MDR-003 active
[2025-09-26T11:17:57.533Z] Enforcement cycle completed - system compliant
[2025-09-26T11:18:07.535Z] Enforcement cycle: MDR-001, MDR-002, MDR-003 active
[2025-09-26T11:18:07.536Z] Enforcement cycle completed - system compliant
[2025-09-26T11:18:17.604Z] Enforcement cycle: MDR-001, MDR-002, MDR-003 active
[2025-09-26T11:18:17.605Z] Enforcement cycle completed - system compliant
[2025-09-26T11:18:27.606Z] Enforcement cycle: MDR-001, MDR-002, MDR-003 active
[2025-09-26T11:18:27.607Z] Enforcement cycle completed - system compliant
[2025-09-26T11:18:37.608Z] Enforcement cycle: MDR-001, MDR-002, MDR-003 active
[2025-09-26T11:18:37.608Z] Enforcement cycle completed - system compliant
[2025-09-26T11:18:47.610Z] Enforcement cycle: MDR-001, MDR-002, MDR-003 active
[2025-09-26T11:18:47.611Z] Enforcement cycle completed - system compliant
[2025-09-26T11:18:57.612Z] Enforcement cycle: MDR-001, MDR-002, MDR-003 active
[2025-09-26T11:18:57.613Z] Enforcement cycle completed - system compliant
[2025-09-26T11:19:07.614Z] Enforcement cycle: MDR-001, MDR-002, MDR-003 active
[2025-09-26T11:19:07.615Z] Enforcement cycle completed - system compliant
[2025-09-26T11:19:17.617Z] Enforcement cycle: MDR-001, MDR-002, MDR-003 active
[2025-09-26T11:19:17.617Z] Enforcement cycle completed - system compliant
[2025-09-26T11:19:27.618Z] Enforcement cycle: MDR-001, MDR-002, MDR-003 active
[2025-09-26T11:19:27.619Z] Enforcement cycle completed - system compliant
[2025-09-26T11:19:37.619Z] Enforcement cycle: MDR-001, MDR-002, MDR-003 active
[2025-09-26T11:19:37.620Z] Enforcement cycle completed - system compliant
[2025-09-26T11:19:47.621Z] Enforcement cycle: MDR-001, MDR-002, MDR-003 active
[2025-09-26T11:19:47.622Z] Enforcement cycle completed - system compliant
[2025-09-26T11:19:57.623Z] Enforcement cycle: MDR-001, MDR-002, MDR-003 active
[2025-09-26T11:19:57.623Z] Enforcement cycle completed - system compliant
[2025-09-26T11:20:07.623Z] Enforcement cycle: MDR-001, MDR-002, MDR-003 active
[2025-09-26T11:20:07.624Z] Enforcement cycle completed - system compliant
[2025-09-26T11:20:17.624Z] Enforcement cycle: MDR-001, MDR-002, MDR-003 active
[2025-09-26T11:20:17.624Z] Enforcement cycle completed - system compliant
[2025-09-26T11:20:27.628Z] Enforcement cycle: MDR-001, MDR-002, MDR-003 active
[2025-09-26T11:20:27.628Z] Enforcement cycle completed - system compliant
[2025-09-26T11:20:37.630Z] Enforcement cycle: MDR-001, MDR-002, MDR-003 active
[2025-09-26T11:20:37.631Z] Enforcement cycle completed - system compliant
[2025-09-26T11:20:47.632Z] Enforcement cycle: MDR-001, MDR-002, MDR-003 active
[2025-09-26T11:20:47.633Z] Enforcement cycle completed - system compliant
[2025-09-26T11:20:57.633Z] Enforcement cycle: MDR-001, MDR-002, MDR-003 active
[2025-09-26T11:20:57.634Z] Enforcement cycle completed - system compliant
[2025-09-26T11:21:07.636Z] Enforcement cycle: MDR-001, MDR-002, MDR-003 active
[2025-09-26T11:21:07.636Z] Enforcement cycle completed - system compliant
[2025-09-26T11:21:17.639Z] Enforcement cycle: MDR-001, MDR-002, MDR-003 active
[2025-09-26T11:21:17.639Z] Enforcement cycle completed - system compliant
[2025-09-26T11:21:27.641Z] Enforcement cycle: MDR-001, MDR-002, MDR-003 active
[2025-09-26T11:21:27.642Z] Enforcement cycle completed - system compliant
[2025-09-26T11:21:37.642Z] Enforcement cycle: MDR-001, MDR-002, MDR-003 active
[2025-09-26T11:21:37.644Z] Enforcement cycle completed - system compliant
[2025-09-26T11:21:47.643Z] Enforcement cycle: MDR-001, MDR-002, MDR-003 active
[2025-09-26T11:21:47.643Z] Enforcement cycle completed - system compliant
[2025-09-26T11:21:57.645Z] Enforcement cycle: MDR-001, MDR-002, MDR-003 active
[2025-09-26T11:21:57.645Z] Enforcement cycle completed - system compliant
[2025-09-26T11:22:07.647Z] Enforcement cycle: MDR-001, MDR-002, MDR-003 active
[2025-09-26T11:22:07.648Z] Enforcement cycle completed - system compliant
[2025-09-26T11:22:17.649Z] Enforcement cycle: MDR-001, MDR-002, MDR-003 active
[2025-09-26T11:22:17.650Z] Enforcement cycle completed - system compliant
[2025-09-26T11:22:27.652Z] Enforcement cycle: MDR-001, MDR-002, MDR-003 active
[2025-09-26T11:22:27.652Z] Enforcement cycle completed - system compliant
[2025-09-26T11:22:37.653Z] Enforcement cycle: MDR-001, MDR-002, MDR-003 active
[2025-09-26T11:22:37.654Z] Enforcement cycle completed - system compliant
[2025-09-26T11:22:47.655Z] Enforcement cycle: MDR-001, MDR-002, MDR-003 active
[2025-09-26T11:22:47.655Z] Enforcement cycle completed - system compliant
[2025-09-26T11:22:57.658Z] Enforcement cycle: MDR-001, MDR-002, MDR-003 active
[2025-09-26T11:22:57.659Z] Enforcement cycle completed - system compliant
[2025-09-26T11:23:07.660Z] Enforcement cycle: MDR-001, MDR-002, MDR-003 active
[2025-09-26T11:23:07.661Z] Enforcement cycle completed - system compliant
[2025-09-26T11:23:17.661Z] Enforcement cycle: MDR-001, MDR-002, MDR-003 active
[2025-09-26T11:23:17.662Z] Enforcement cycle completed - system compliant
[2025-09-26T11:23:27.663Z] Enforcement cycle: MDR-001, MDR-002, MDR-003 active
[2025-09-26T11:23:27.664Z] Enforcement cycle completed - system compliant
[2025-09-26T11:23:37.664Z] Enforcement cycle: MDR-001, MDR-002, MDR-003 active
[2025-09-26T11:23:37.665Z] Enforcement cycle completed - system compliant
[2025-09-26T11:23:47.667Z] Enforcement cycle: MDR-001, MDR-002, MDR-003 active
[2025-09-26T11:23:47.668Z] Enforcement cycle completed - system compliant
[2025-09-26T11:23:57.669Z] Enforcement cycle: MDR-001, MDR-002, MDR-003 active
[2025-09-26T11:23:57.670Z] Enforcement cycle completed - system compliant
[2025-09-26T11:24:07.672Z] Enforcement cycle: MDR-001, MDR-002, MDR-003 active
[2025-09-26T11:24:07.672Z] Enforcement cycle completed - system compliant
[2025-09-26T11:24:17.674Z] Enforcement cycle: MDR-001, MDR-002, MDR-003 active
[2025-09-26T11:24:17.674Z] Enforcement cycle completed - system compliant
[2025-09-26T11:24:27.676Z] Enforcement cycle: MDR-001, MDR-002, MDR-003 active
[2025-09-26T11:24:27.677Z] Enforcement cycle completed - system compliant
[2025-09-26T11:24:37.677Z] Enforcement cycle: MDR-001, MDR-002, MDR-003 active
[2025-09-26T11:24:37.678Z] Enforcement cycle completed - system compliant
[2025-09-26T11:24:47.679Z] Enforcement cycle: MDR-001, MDR-002, MDR-003 active
[2025-09-26T11:24:47.681Z] Enforcement cycle completed - system compliant
[2025-09-26T11:24:57.681Z] Enforcement cycle: MDR-001, MDR-002, MDR-003 active
[2025-09-26T11:24:57.682Z] Enforcement cycle completed - system compliant
[2025-09-26T11:25:07.683Z] Enforcement cycle: MDR-001, MDR-002, MDR-003 active
[2025-09-26T11:25:07.684Z] Enforcement cycle completed - system compliant
[2025-09-26T11:25:17.686Z] Enforcement cycle: MDR-001, MDR-002, MDR-003 active
[2025-09-26T11:25:17.687Z] Enforcement cycle completed - system compliant
[2025-09-26T11:25:27.688Z] Enforcement cycle: MDR-001, MDR-002, MDR-003 active
[2025-09-26T11:25:27.689Z] Enforcement cycle completed - system compliant
[2025-09-26T11:25:37.690Z] Enforcement cycle: MDR-001, MDR-002, MDR-003 active
[2025-09-26T11:25:37.691Z] Enforcement cycle completed - system compliant
[2025-09-26T11:25:47.692Z] Enforcement cycle: MDR-001, MDR-002, MDR-003 active
[2025-09-26T11:25:47.693Z] Enforcement cycle completed - system compliant
[2025-09-26T11:25:57.694Z] Enforcement cycle: MDR-001, MDR-002, MDR-003 active
[2025-09-26T11:25:57.694Z] Enforcement cycle completed - system compliant
[2025-09-26T11:26:07.696Z] Enforcement cycle: MDR-001, MDR-002, MDR-003 active
[2025-09-26T11:26:07.696Z] Enforcement cycle completed - system compliant
[2025-09-26T11:26:17.697Z] Enforcement cycle: MDR-001, MDR-002, MDR-003 active
[2025-09-26T11:26:17.697Z] Enforcement cycle completed - system compliant
[2025-09-26T11:26:27.699Z] Enforcement cycle: MDR-001, MDR-002, MDR-003 active
[2025-09-26T11:26:27.700Z] Enforcement cycle completed - system compliant
[2025-09-26T11:26:37.701Z] Enforcement cycle: MDR-001, MDR-002, MDR-003 active
[2025-09-26T11:26:37.702Z] Enforcement cycle completed - system compliant
[2025-09-26T11:26:47.703Z] Enforcement cycle: MDR-001, MDR-002, MDR-003 active
[2025-09-26T11:26:47.703Z] Enforcement cycle completed - system compliant
[2025-09-26T11:26:57.705Z] Enforcement cycle: MDR-001, MDR-002, MDR-003 active
[2025-09-26T11:26:57.705Z] Enforcement cycle completed - system compliant
[2025-09-26T11:27:07.706Z] Enforcement cycle: MDR-001, MDR-002, MDR-003 active
[2025-09-26T11:27:07.708Z] Enforcement cycle completed - system compliant
[2025-09-26T11:27:17.708Z] Enforcement cycle: MDR-001, MDR-002, MDR-003 active
[2025-09-26T11:27:17.709Z] Enforcement cycle completed - system compliant
[2025-09-26T11:27:27.710Z] Enforcement cycle: MDR-001, MDR-002, MDR-003 active
[2025-09-26T11:27:27.711Z] Enforcement cycle completed - system compliant
[2025-09-26T11:27:37.712Z] Enforcement cycle: MDR-001, MDR-002, MDR-003 active
[2025-09-26T11:27:37.712Z] Enforcement cycle completed - system compliant
[2025-09-26T11:27:47.715Z] Enforcement cycle: MDR-001, MDR-002, MDR-003 active
[2025-09-26T11:27:47.715Z] Enforcement cycle completed - system compliant
[2025-09-26T11:27:57.717Z] Enforcement cycle: MDR-001, MDR-002, MDR-003 active
[2025-09-26T11:27:57.717Z] Enforcement cycle completed - system compliant
[2025-09-26T11:28:07.719Z] Enforcement cycle: MDR-001, MDR-002, MDR-003 active
[2025-09-26T11:28:07.719Z] Enforcement cycle completed - system compliant
[2025-09-26T11:28:17.720Z] Enforcement cycle: MDR-001, MDR-002, MDR-003 active
[2025-09-26T11:28:17.721Z] Enforcement cycle completed - system compliant
[2025-09-26T11:28:27.721Z] Enforcement cycle: MDR-001, MDR-002, MDR-003 active
[2025-09-26T11:28:27.721Z] Enforcement cycle completed - system compliant
[2025-09-26T11:28:37.723Z] Enforcement cycle: MDR-001, MDR-002, MDR-003 active
[2025-09-26T11:28:37.724Z] Enforcement cycle completed - system compliant
[2025-09-26T11:28:47.725Z] Enforcement cycle: MDR-001, MDR-002, MDR-003 active
[2025-09-26T11:28:47.726Z] Enforcement cycle completed - system compliant
[2025-09-26T11:28:57.728Z] Enforcement cycle: MDR-001, MDR-002, MDR-003 active
[2025-09-26T11:28:57.728Z] Enforcement cycle completed - system compliant
[2025-09-26T11:29:07.730Z] Enforcement cycle: MDR-001, MDR-002, MDR-003 active
[2025-09-26T11:29:07.730Z] Enforcement cycle completed - system compliant
[2025-09-26T11:29:17.731Z] Enforcement cycle: MDR-001, MDR-002, MDR-003 active
[2025-09-26T11:29:17.732Z] Enforcement cycle completed - system compliant
[2025-09-26T11:29:27.732Z] Enforcement cycle: MDR-001, MDR-002, MDR-003 active
[2025-09-26T11:29:27.733Z] Enforcement cycle completed - system compliant
[2025-09-26T11:29:37.735Z] Enforcement cycle: MDR-001, MDR-002, MDR-003 active
[2025-09-26T11:29:37.735Z] Enforcement cycle completed - system compliant
[2025-09-26T11:29:47.737Z] Enforcement cycle: MDR-001, MDR-002, MDR-003 active
[2025-09-26T11:29:47.737Z] Enforcement cycle completed - system compliant
[2025-09-26T11:29:57.739Z] Enforcement cycle: MDR-001, MDR-002, MDR-003 active
[2025-09-26T11:29:57.739Z] Enforcement cycle completed - system compliant
[2025-09-26T11:30:07.741Z] Enforcement cycle: MDR-001, MDR-002, MDR-003 active
[2025-09-26T11:30:07.741Z] Enforcement cycle completed - system compliant
[2025-09-26T11:30:17.743Z] Enforcement cycle: MDR-001, MDR-002, MDR-003 active
[2025-09-26T11:30:17.744Z] Enforcement cycle completed - system compliant
[2025-09-26T11:30:27.745Z] Enforcement cycle: MDR-001, MDR-002, MDR-003 active
[2025-09-26T11:30:27.746Z] Enforcement cycle completed - system compliant
[2025-09-26T11:30:37.748Z] Enforcement cycle: MDR-001, MDR-002, MDR-003 active
[2025-09-26T11:30:37.749Z] Enforcement cycle completed - system compliant
[2025-09-26T11:30:47.750Z] Enforcement cycle: MDR-001, MDR-002, MDR-003 active
[2025-09-26T11:30:47.750Z] Enforcement cycle completed - system compliant
[2025-09-26T11:30:57.752Z] Enforcement cycle: MDR-001, MDR-002, MDR-003 active
[2025-09-26T11:30:57.753Z] Enforcement cycle completed - system compliant
[2025-09-26T11:31:07.753Z] Enforcement cycle: MDR-001, MDR-002, MDR-003 active
[2025-09-26T11:31:07.754Z] Enforcement cycle completed - system compliant
[2025-09-26T11:31:17.756Z] Enforcement cycle: MDR-001, MDR-002, MDR-003 active
[2025-09-26T11:31:17.757Z] Enforcement cycle completed - system compliant
[2025-09-26T11:31:27.759Z] Enforcement cycle: MDR-001, MDR-002, MDR-003 active
[2025-09-26T11:31:27.760Z] Enforcement cycle completed - system compliant
[2025-09-26T11:31:37.761Z] Enforcement cycle: MDR-001, MDR-002, MDR-003 active
[2025-09-26T11:31:37.762Z] Enforcement cycle completed - system compliant
[2025-09-26T11:31:47.762Z] Enforcement cycle: MDR-001, MDR-002, MDR-003 active
[2025-09-26T11:31:47.762Z] Enforcement cycle completed - system compliant
[2025-09-26T11:31:57.765Z] Enforcement cycle: MDR-001, MDR-002, MDR-003 active
[2025-09-26T11:31:57.765Z] Enforcement cycle completed - system compliant
[2025-09-26T11:32:07.767Z] Enforcement cycle: MDR-001, MDR-002, MDR-003 active
[2025-09-26T11:32:07.768Z] Enforcement cycle completed - system compliant
[2025-09-26T11:32:17.769Z] Enforcement cycle: MDR-001, MDR-002, MDR-003 active
[2025-09-26T11:32:17.770Z] Enforcement cycle completed - system compliant
[2025-09-26T11:32:27.772Z] Enforcement cycle: MDR-001, MDR-002, MDR-003 active
[2025-09-26T11:32:27.773Z] Enforcement cycle completed - system compliant
[2025-09-26T11:32:37.775Z] Enforcement cycle: MDR-001, MDR-002, MDR-003 active
[2025-09-26T11:32:37.776Z] Enforcement cycle completed - system compliant
[2025-09-26T11:32:47.777Z] Enforcement cycle: MDR-001, MDR-002, MDR-003 active
[2025-09-26T11:32:47.777Z] Enforcement cycle completed - system compliant
[2025-09-26T11:32:57.779Z] Enforcement cycle: MDR-001, MDR-002, MDR-003 active
[2025-09-26T11:32:57.780Z] Enforcement cycle completed - system compliant
[2025-09-26T11:33:07.781Z] Enforcement cycle: MDR-001, MDR-002, MDR-003 active
[2025-09-26T11:33:07.782Z] Enforcement cycle completed - system compliant
[2025-09-26T11:33:17.780Z] Enforcement cycle: MDR-001, MDR-002, MDR-003 active
[2025-09-26T11:33:17.781Z] Enforcement cycle completed - system compliant
[2025-09-26T11:33:27.774Z] Enforcement cycle: MDR-001, MDR-002, MDR-003 active
[2025-09-26T11:33:27.775Z] Enforcement cycle completed - system compliant
[2025-09-26T11:33:37.773Z] Enforcement cycle: MDR-001, MDR-002, MDR-003 active
[2025-09-26T11:33:37.774Z] Enforcement cycle completed - system compliant
[2025-09-26T11:33:47.773Z] Enforcement cycle: MDR-001, MDR-002, MDR-003 active
[2025-09-26T11:33:47.774Z] Enforcement cycle completed - system compliant
[2025-09-26T11:33:57.774Z] Enforcement cycle: MDR-001, MDR-002, MDR-003 active
[2025-09-26T11:33:57.775Z] Enforcement cycle completed - system compliant
[2025-09-26T11:34:07.778Z] Enforcement cycle: MDR-001, MDR-002, MDR-003 active
[2025-09-26T11:34:07.778Z] Enforcement cycle completed - system compliant
[2025-09-26T11:34:17.779Z] Enforcement cycle: MDR-001, MDR-002, MDR-003 active
[2025-09-26T11:34:17.780Z] Enforcement cycle completed - system compliant
[2025-09-26T11:34:27.781Z] Enforcement cycle: MDR-001, MDR-002, MDR-003 active
[2025-09-26T11:34:27.782Z] Enforcement cycle completed - system compliant
[2025-09-26T11:34:37.782Z] Enforcement cycle: MDR-001, MDR-002, MDR-003 active
[2025-09-26T11:34:37.782Z] Enforcement cycle completed - system compliant
[2025-09-26T11:34:47.783Z] Enforcement cycle: MDR-001, MDR-002, MDR-003 active
[2025-09-26T11:34:47.785Z] Enforcement cycle completed - system compliant
[2025-09-26T11:34:57.786Z] Enforcement cycle: MDR-001, MDR-002, MDR-003 active
[2025-09-26T11:34:57.786Z] Enforcement cycle completed - system compliant
[2025-09-26T11:35:07.787Z] Enforcement cycle: MDR-001, MDR-002, MDR-003 active
[2025-09-26T11:35:07.787Z] Enforcement cycle completed - system compliant
[2025-09-26T11:35:17.788Z] Enforcement cycle: MDR-001, MDR-002, MDR-003 active
[2025-09-26T11:35:17.789Z] Enforcement cycle completed - system compliant
[2025-09-26T11:35:27.791Z] Enforcement cycle: MDR-001, MDR-002, MDR-003 active
[2025-09-26T11:35:27.792Z] Enforcement cycle completed - system compliant
[2025-09-26T11:35:37.794Z] Enforcement cycle: MDR-001, MDR-002, MDR-003 active
[2025-09-26T11:35:37.794Z] Enforcement cycle completed - system compliant
[2025-09-26T11:35:47.794Z] Enforcement cycle: MDR-001, MDR-002, MDR-003 active
[2025-09-26T11:35:47.795Z] Enforcement cycle completed - system compliant
[2025-09-26T11:35:57.797Z] Enforcement cycle: MDR-001, MDR-002, MDR-003 active
[2025-09-26T11:35:57.798Z] Enforcement cycle completed - system compliant
[2025-09-26T11:36:07.800Z] Enforcement cycle: MDR-001, MDR-002, MDR-003 active
[2025-09-26T11:36:07.801Z] Enforcement cycle completed - system compliant
[2025-09-26T11:36:17.801Z] Enforcement cycle: MDR-001, MDR-002, MDR-003 active
[2025-09-26T11:36:17.801Z] Enforcement cycle completed - system compliant
[2025-09-26T11:36:27.803Z] Enforcement cycle: MDR-001, MDR-002, MDR-003 active
[2025-09-26T11:36:27.804Z] Enforcement cycle completed - system compliant
[2025-09-26T11:36:37.804Z] Enforcement cycle: MDR-001, MDR-002, MDR-003 active
[2025-09-26T11:36:37.804Z] Enforcement cycle completed - system compliant
[2025-09-26T11:36:47.806Z] Enforcement cycle: MDR-001, MDR-002, MDR-003 active
[2025-09-26T11:36:47.806Z] Enforcement cycle completed - system compliant
[2025-09-26T11:36:57.808Z] Enforcement cycle: MDR-001, MDR-002, MDR-003 active
[2025-09-26T11:36:57.809Z] Enforcement cycle completed - system compliant
[2025-09-26T11:37:07.810Z] Enforcement cycle: MDR-001, MDR-002, MDR-003 active
[2025-09-26T11:37:07.811Z] Enforcement cycle completed - system compliant
[2025-09-26T11:37:17.812Z] Enforcement cycle: MDR-001, MDR-002, MDR-003 active
[2025-09-26T11:37:17.813Z] Enforcement cycle completed - system compliant
[2025-09-26T11:37:27.813Z] Enforcement cycle: MDR-001, MDR-002, MDR-003 active
[2025-09-26T11:37:27.814Z] Enforcement cycle completed - system compliant
[2025-09-26T11:37:37.815Z] Enforcement cycle: MDR-001, MDR-002, MDR-003 active
[2025-09-26T11:37:37.816Z] Enforcement cycle completed - system compliant
[2025-09-26T11:37:47.818Z] Enforcement cycle: MDR-001, MDR-002, MDR-003 active
[2025-09-26T11:37:47.818Z] Enforcement cycle completed - system compliant
[2025-09-26T11:37:57.820Z] Enforcement cycle: MDR-001, MDR-002, MDR-003 active
[2025-09-26T11:37:57.820Z] Enforcement cycle completed - system compliant
[2025-09-26T11:38:07.822Z] Enforcement cycle: MDR-001, MDR-002, MDR-003 active
[2025-09-26T11:38:07.823Z] Enforcement cycle completed - system compliant
[2025-09-26T11:38:17.824Z] Enforcement cycle: MDR-001, MDR-002, MDR-003 active
[2025-09-26T11:38:17.824Z] Enforcement cycle completed - system compliant
[2025-09-26T11:38:27.826Z] Enforcement cycle: MDR-001, MDR-002, MDR-003 active
[2025-09-26T11:38:27.826Z] Enforcement cycle completed - system compliant
[2025-09-26T11:38:37.829Z] Enforcement cycle: MDR-001, MDR-002, MDR-003 active
[2025-09-26T11:38:37.830Z] Enforcement cycle completed - system compliant
[2025-09-26T11:38:47.832Z] Enforcement cycle: MDR-001, MDR-002, MDR-003 active
[2025-09-26T11:38:47.832Z] Enforcement cycle completed - system compliant
[2025-09-26T11:38:57.834Z] Enforcement cycle: MDR-001, MDR-002, MDR-003 active
[2025-09-26T11:38:57.834Z] Enforcement cycle completed - system compliant
[2025-09-26T11:39:07.836Z] Enforcement cycle: MDR-001, MDR-002, MDR-003 active
[2025-09-26T11:39:07.837Z] Enforcement cycle completed - system compliant
[2025-09-26T11:39:17.838Z] Enforcement cycle: MDR-001, MDR-002, MDR-003 active
[2025-09-26T11:39:17.839Z] Enforcement cycle completed - system compliant
[2025-09-26T11:39:27.840Z] Enforcement cycle: MDR-001, MDR-002, MDR-003 active
[2025-09-26T11:39:27.841Z] Enforcement cycle completed - system compliant
[2025-09-26T11:39:37.843Z] Enforcement cycle: MDR-001, MDR-002, MDR-003 active
[2025-09-26T11:39:37.844Z] Enforcement cycle completed - system compliant
[2025-09-26T11:39:47.843Z] Enforcement cycle: MDR-001, MDR-002, MDR-003 active
[2025-09-26T11:39:47.844Z] Enforcement cycle completed - system compliant
[2025-09-26T11:39:57.845Z] Enforcement cycle: MDR-001, MDR-002, MDR-003 active
[2025-09-26T11:39:57.846Z] Enforcement cycle completed - system compliant
[2025-09-26T11:40:07.848Z] Enforcement cycle: MDR-001, MDR-002, MDR-003 active
[2025-09-26T11:40:07.848Z] Enforcement cycle completed - system compliant
[2025-09-26T11:40:17.851Z] Enforcement cycle: MDR-001, MDR-002, MDR-003 active
[2025-09-26T11:40:17.852Z] Enforcement cycle completed - system compliant
[2025-09-26T11:40:27.855Z] Enforcement cycle: MDR-001, MDR-002, MDR-003 active
[2025-09-26T11:40:27.856Z] Enforcement cycle completed - system compliant
[2025-09-26T11:40:37.858Z] Enforcement cycle: MDR-001, MDR-002, MDR-003 active
[2025-09-26T11:40:37.859Z] Enforcement cycle completed - system compliant
[2025-09-26T11:40:47.861Z] Enforcement cycle: MDR-001, MDR-002, MDR-003 active
[2025-09-26T11:40:47.862Z] Enforcement cycle completed - system compliant
[2025-09-26T11:40:57.863Z] Enforcement cycle: MDR-001, MDR-002, MDR-003 active
[2025-09-26T11:40:57.863Z] Enforcement cycle completed - system compliant
[2025-09-26T11:41:07.864Z] Enforcement cycle: MDR-001, MDR-002, MDR-003 active
[2025-09-26T11:41:07.864Z] Enforcement cycle completed - system compliant
[2025-09-26T11:41:17.865Z] Enforcement cycle: MDR-001, MDR-002, MDR-003 active
[2025-09-26T11:41:17.865Z] Enforcement cycle completed - system compliant
[2025-09-26T11:41:27.865Z] Enforcement cycle: MDR-001, MDR-002, MDR-003 active
[2025-09-26T11:41:27.866Z] Enforcement cycle completed - system compliant
[2025-09-26T11:41:37.867Z] Enforcement cycle: MDR-001, MDR-002, MDR-003 active
[2025-09-26T11:41:37.868Z] Enforcement cycle completed - system compliant
[2025-09-26T11:41:47.870Z] Enforcement cycle: MDR-001, MDR-002, MDR-003 active
[2025-09-26T11:41:47.871Z] Enforcement cycle completed - system compliant
[2025-09-26T11:41:57.874Z] Enforcement cycle: MDR-001, MDR-002, MDR-003 active
[2025-09-26T11:41:57.875Z] Enforcement cycle completed - system compliant
[2025-09-26T11:42:07.876Z] Enforcement cycle: MDR-001, MDR-002, MDR-003 active
[2025-09-26T11:42:07.877Z] Enforcement cycle completed - system compliant
[2025-09-26T11:42:17.878Z] Enforcement cycle: MDR-001, MDR-002, MDR-003 active
[2025-09-26T11:42:17.878Z] Enforcement cycle completed - system compliant
[2025-09-26T11:42:27.879Z] Enforcement cycle: MDR-001, MDR-002, MDR-003 active
[2025-09-26T11:42:27.880Z] Enforcement cycle completed - system compliant
[2025-09-26T11:42:37.881Z] Enforcement cycle: MDR-001, MDR-002, MDR-003 active
[2025-09-26T11:42:37.882Z] Enforcement cycle completed - system compliant
[2025-09-26T11:42:47.884Z] Enforcement cycle: MDR-001, MDR-002, MDR-003 active
[2025-09-26T11:42:47.885Z] Enforcement cycle completed - system compliant
[2025-09-26T11:42:57.885Z] Enforcement cycle: MDR-001, MDR-002, MDR-003 active
[2025-09-26T11:42:57.886Z] Enforcement cycle completed - system compliant
[2025-09-26T11:43:07.887Z] Enforcement cycle: MDR-001, MDR-002, MDR-003 active
[2025-09-26T11:43:07.890Z] Enforcement cycle completed - system compliant
[2025-09-26T11:43:17.889Z] Enforcement cycle: MDR-001, MDR-002, MDR-003 active
[2025-09-26T11:43:17.890Z] Enforcement cycle completed - system compliant
[2025-09-26T11:43:27.891Z] Enforcement cycle: MDR-001, MDR-002, MDR-003 active
[2025-09-26T11:43:27.892Z] Enforcement cycle completed - system compliant
[2025-09-26T11:43:37.893Z] Enforcement cycle: MDR-001, MDR-002, MDR-003 active
[2025-09-26T11:43:37.894Z] Enforcement cycle completed - system compliant
[2025-09-26T11:43:47.894Z] Enforcement cycle: MDR-001, MDR-002, MDR-003 active
[2025-09-26T11:43:47.894Z] Enforcement cycle completed - system compliant
[2025-09-26T11:43:57.896Z] Enforcement cycle: MDR-001, MDR-002, MDR-003 active
[2025-09-26T11:43:57.896Z] Enforcement cycle completed - system compliant
[2025-09-26T11:44:07.899Z] Enforcement cycle: MDR-001, MDR-002, MDR-003 active
[2025-09-26T11:44:07.899Z] Enforcement cycle completed - system compliant
[2025-09-26T11:44:17.900Z] Enforcement cycle: MDR-001, MDR-002, MDR-003 active
[2025-09-26T11:44:17.901Z] Enforcement cycle completed - system compliant
[2025-09-26T11:44:27.903Z] Enforcement cycle: MDR-001, MDR-002, MDR-003 active
[2025-09-26T11:44:27.906Z] Enforcement cycle completed - system compliant
[2025-09-26T11:44:37.905Z] Enforcement cycle: MDR-001, MDR-002, MDR-003 active
[2025-09-26T11:44:37.906Z] Enforcement cycle completed - system compliant
[2025-09-26T11:44:47.906Z] Enforcement cycle: MDR-001, MDR-002, MDR-003 active
[2025-09-26T11:44:47.906Z] Enforcement cycle completed - system compliant
[2025-09-26T11:44:57.906Z] Enforcement cycle: MDR-001, MDR-002, MDR-003 active
[2025-09-26T11:44:57.907Z] Enforcement cycle completed - system compliant
[2025-09-26T11:45:07.908Z] Enforcement cycle: MDR-001, MDR-002, MDR-003 active
[2025-09-26T11:45:07.909Z] Enforcement cycle completed - system compliant
[2025-09-26T11:45:17.911Z] Enforcement cycle: MDR-001, MDR-002, MDR-003 active
[2025-09-26T11:45:17.912Z] Enforcement cycle completed - system compliant
[2025-09-26T11:45:27.913Z] Enforcement cycle: MDR-001, MDR-002, MDR-003 active
[2025-09-26T11:45:27.914Z] Enforcement cycle completed - system compliant
[2025-09-26T11:45:37.917Z] Enforcement cycle: MDR-001, MDR-002, MDR-003 active
[2025-09-26T11:45:37.917Z] Enforcement cycle completed - system compliant
[2025-09-26T11:45:47.919Z] Enforcement cycle: MDR-001, MDR-002, MDR-003 active
[2025-09-26T11:45:47.920Z] Enforcement cycle completed - system compliant
[2025-09-26T11:45:57.921Z] Enforcement cycle: MDR-001, MDR-002, MDR-003 active
[2025-09-26T11:45:57.922Z] Enforcement cycle completed - system compliant
[2025-09-26T11:46:07.923Z] Enforcement cycle: MDR-001, MDR-002, MDR-003 active
[2025-09-26T11:46:07.924Z] Enforcement cycle completed - system compliant
[2025-09-26T11:46:17.923Z] Enforcement cycle: MDR-001, MDR-002, MDR-003 active
[2025-09-26T11:46:17.924Z] Enforcement cycle completed - system compliant
[2025-09-26T11:46:27.926Z] Enforcement cycle: MDR-001, MDR-002, MDR-003 active
[2025-09-26T11:46:27.926Z] Enforcement cycle completed - system compliant
[2025-09-26T11:46:37.928Z] Enforcement cycle: MDR-001, MDR-002, MDR-003 active
[2025-09-26T11:46:37.929Z] Enforcement cycle completed - system compliant
[2025-09-26T11:46:47.930Z] Enforcement cycle: MDR-001, MDR-002, MDR-003 active
[2025-09-26T11:46:47.931Z] Enforcement cycle completed - system compliant
[2025-09-26T11:46:57.933Z] Enforcement cycle: MDR-001, MDR-002, MDR-003 active
[2025-09-26T11:46:57.933Z] Enforcement cycle completed - system compliant
[2025-09-26T11:47:07.935Z] Enforcement cycle: MDR-001, MDR-002, MDR-003 active
[2025-09-26T11:47:07.935Z] Enforcement cycle completed - system compliant
[2025-09-26T11:47:17.937Z] Enforcement cycle: MDR-001, MDR-002, MDR-003 active
[2025-09-26T11:47:17.937Z] Enforcement cycle completed - system compliant
[2025-09-26T11:47:27.939Z] Enforcement cycle: MDR-001, MDR-002, MDR-003 active
[2025-09-26T11:47:27.939Z] Enforcement cycle completed - system compliant
[2025-09-26T11:47:37.939Z] Enforcement cycle: MDR-001, MDR-002, MDR-003 active
[2025-09-26T11:47:37.939Z] Enforcement cycle completed - system compliant
[2025-09-26T11:47:47.940Z] Enforcement cycle: MDR-001, MDR-002, MDR-003 active
[2025-09-26T11:47:47.940Z] Enforcement cycle completed - system compliant
[2025-09-26T11:47:57.942Z] Enforcement cycle: MDR-001, MDR-002, MDR-003 active
[2025-09-26T11:47:57.942Z] Enforcement cycle completed - system compliant
[2025-09-26T11:48:07.943Z] Enforcement cycle: MDR-001, MDR-002, MDR-003 active
[2025-09-26T11:48:07.944Z] Enforcement cycle completed - system compliant
[2025-09-26T11:48:17.945Z] Enforcement cycle: MDR-001, MDR-002, MDR-003 active
[2025-09-26T11:48:17.946Z] Enforcement cycle completed - system compliant
[2025-09-26T11:48:27.882Z] Enforcement cycle: MDR-001, MDR-002, MDR-003 active
[2025-09-26T11:48:27.883Z] Enforcement cycle completed - system compliant
[2025-09-26T11:48:37.883Z] Enforcement cycle: MDR-001, MDR-002, MDR-003 active
[2025-09-26T11:48:37.884Z] Enforcement cycle completed - system compliant
[2025-09-26T11:48:47.884Z] Enforcement cycle: MDR-001, MDR-002, MDR-003 active
[2025-09-26T11:48:47.885Z] Enforcement cycle completed - system compliant
[2025-09-26T11:48:57.886Z] Enforcement cycle: MDR-001, MDR-002, MDR-003 active
[2025-09-26T11:48:57.886Z] Enforcement cycle completed - system compliant
[2025-09-26T11:49:07.887Z] Enforcement cycle: MDR-001, MDR-002, MDR-003 active
[2025-09-26T11:49:07.887Z] Enforcement cycle completed - system compliant
